GeneralParams(name='runs/CIFAR10/inf_AdamW_400',
              console=True,
              tensorboard=True,
              load=False,
              test=False,
              cuda=True,
              num_workers=4,
              gpu='1',
              visualize=False)
DatasetParams(dataset='CIFAR10', image_size=32)
TrainerParams(batch_size=128,
              optimizer='AdamW',
              lr=0.003,
              lr_morpho=1,
              max_epochs=400,
              scheduler='CosineAnnealingLR',
              amp=True)
ModelParams(model='MobileNetV2-31',
            morpho='infinity',
            expansion=8,
            morpho_init='normal',
            relu=False)
Using cuda backend
=================================================================================================================================================
Layer (type:depth-idx)                        Kernel Shape              Input Shape               Output Shape              Param #
=================================================================================================================================================
MobileNetV2                                   --                        [128, 3, 32, 32]          [128, 10]                 --
├─Sequential: 1-1                             --                        [128, 3, 32, 32]          [128, 64, 8, 8]           --
│    └─InvertedResidual: 2-1                  --                        [128, 3, 32, 32]          [128, 16, 32, 32]         --
│    │    └─Conv2dNormActivation: 3-1         --                        [128, 3, 32, 32]          [128, 16, 32, 32]         80
│    │    └─InfinityConv: 3-2                 3                         [128, 16, 32, 32]         [128, 16, 32, 32]         144
│    │    └─BatchNorm2d: 3-3                  --                        [128, 16, 32, 32]         [128, 16, 32, 32]         32
│    │    └─Identity: 3-4                     --                        [128, 16, 32, 32]         [128, 16, 32, 32]         --
│    │    └─Conv2d: 3-5                       [1, 1]                    [128, 16, 32, 32]         [128, 16, 32, 32]         256
│    │    └─BatchNorm2d: 3-6                  --                        [128, 16, 32, 32]         [128, 16, 32, 32]         32
│    └─InvertedResidual: 2-2                  --                        [128, 16, 32, 32]         [128, 16, 32, 32]         --
│    │    └─Conv2dNormActivation: 3-7         --                        [128, 16, 32, 32]         [128, 128, 32, 32]        2,304
│    │    └─InfinityConv: 3-8                 3                         [128, 128, 32, 32]        [128, 128, 32, 32]        1,152
│    │    └─BatchNorm2d: 3-9                  --                        [128, 128, 32, 32]        [128, 128, 32, 32]        256
│    │    └─Identity: 3-10                    --                        [128, 128, 32, 32]        [128, 128, 32, 32]        --
│    │    └─Conv2d: 3-11                      [1, 1]                    [128, 128, 32, 32]        [128, 16, 32, 32]         2,048
│    │    └─BatchNorm2d: 3-12                 --                        [128, 16, 32, 32]         [128, 16, 32, 32]         32
│    └─InvertedResidual: 2-3                  --                        [128, 16, 32, 32]         [128, 16, 32, 32]         --
│    │    └─Conv2dNormActivation: 3-13        --                        [128, 16, 32, 32]         [128, 128, 32, 32]        2,304
│    │    └─InfinityConv: 3-14                3                         [128, 128, 32, 32]        [128, 128, 32, 32]        1,152
│    │    └─BatchNorm2d: 3-15                 --                        [128, 128, 32, 32]        [128, 128, 32, 32]        256
│    │    └─Identity: 3-16                    --                        [128, 128, 32, 32]        [128, 128, 32, 32]        --
│    │    └─Conv2d: 3-17                      [1, 1]                    [128, 128, 32, 32]        [128, 16, 32, 32]         2,048
│    │    └─BatchNorm2d: 3-18                 --                        [128, 16, 32, 32]         [128, 16, 32, 32]         32
│    └─InvertedResidual: 2-4                  --                        [128, 16, 32, 32]         [128, 16, 32, 32]         --
│    │    └─Conv2dNormActivation: 3-19        --                        [128, 16, 32, 32]         [128, 128, 32, 32]        2,304
│    │    └─InfinityConv: 3-20                3                         [128, 128, 32, 32]        [128, 128, 32, 32]        1,152
│    │    └─BatchNorm2d: 3-21                 --                        [128, 128, 32, 32]        [128, 128, 32, 32]        256
│    │    └─Identity: 3-22                    --                        [128, 128, 32, 32]        [128, 128, 32, 32]        --
│    │    └─Conv2d: 3-23                      [1, 1]                    [128, 128, 32, 32]        [128, 16, 32, 32]         2,048
│    │    └─BatchNorm2d: 3-24                 --                        [128, 16, 32, 32]         [128, 16, 32, 32]         32
│    └─InvertedResidual: 2-5                  --                        [128, 16, 32, 32]         [128, 32, 16, 16]         --
│    │    └─Conv2dNormActivation: 3-25        --                        [128, 16, 32, 32]         [128, 128, 32, 32]        2,304
│    │    └─InfinityConv: 3-26                3                         [128, 128, 32, 32]        [128, 128, 16, 16]        1,152
│    │    └─BatchNorm2d: 3-27                 --                        [128, 128, 16, 16]        [128, 128, 16, 16]        256
│    │    └─Identity: 3-28                    --                        [128, 128, 16, 16]        [128, 128, 16, 16]        --
│    │    └─Conv2d: 3-29                      [1, 1]                    [128, 128, 16, 16]        [128, 32, 16, 16]         4,096
│    │    └─BatchNorm2d: 3-30                 --                        [128, 32, 16, 16]         [128, 32, 16, 16]         64
│    └─InvertedResidual: 2-6                  --                        [128, 32, 16, 16]         [128, 32, 16, 16]         --
│    │    └─Conv2dNormActivation: 3-31        --                        [128, 32, 16, 16]         [128, 256, 16, 16]        8,704
│    │    └─InfinityConv: 3-32                3                         [128, 256, 16, 16]        [128, 256, 16, 16]        2,304
│    │    └─BatchNorm2d: 3-33                 --                        [128, 256, 16, 16]        [128, 256, 16, 16]        512
│    │    └─Identity: 3-34                    --                        [128, 256, 16, 16]        [128, 256, 16, 16]        --
│    │    └─Conv2d: 3-35                      [1, 1]                    [128, 256, 16, 16]        [128, 32, 16, 16]         8,192
│    │    └─BatchNorm2d: 3-36                 --                        [128, 32, 16, 16]         [128, 32, 16, 16]         64
│    └─InvertedResidual: 2-7                  --                        [128, 32, 16, 16]         [128, 32, 16, 16]         --
│    │    └─Conv2dNormActivation: 3-37        --                        [128, 32, 16, 16]         [128, 256, 16, 16]        8,704
│    │    └─InfinityConv: 3-38                3                         [128, 256, 16, 16]        [128, 256, 16, 16]        2,304
│    │    └─BatchNorm2d: 3-39                 --                        [128, 256, 16, 16]        [128, 256, 16, 16]        512
│    │    └─Identity: 3-40                    --                        [128, 256, 16, 16]        [128, 256, 16, 16]        --
│    │    └─Conv2d: 3-41                      [1, 1]                    [128, 256, 16, 16]        [128, 32, 16, 16]         8,192
│    │    └─BatchNorm2d: 3-42                 --                        [128, 32, 16, 16]         [128, 32, 16, 16]         64
│    └─InvertedResidual: 2-8                  --                        [128, 32, 16, 16]         [128, 64, 8, 8]           --
│    │    └─Conv2dNormActivation: 3-43        --                        [128, 32, 16, 16]         [128, 256, 16, 16]        8,704
│    │    └─InfinityConv: 3-44                3                         [128, 256, 16, 16]        [128, 256, 8, 8]          2,304
│    │    └─BatchNorm2d: 3-45                 --                        [128, 256, 8, 8]          [128, 256, 8, 8]          512
│    │    └─Identity: 3-46                    --                        [128, 256, 8, 8]          [128, 256, 8, 8]          --
│    │    └─Conv2d: 3-47                      [1, 1]                    [128, 256, 8, 8]          [128, 64, 8, 8]           16,384
│    │    └─BatchNorm2d: 3-48                 --                        [128, 64, 8, 8]           [128, 64, 8, 8]           128
│    └─InvertedResidual: 2-9                  --                        [128, 64, 8, 8]           [128, 64, 8, 8]           --
│    │    └─Conv2dNormActivation: 3-49        --                        [128, 64, 8, 8]           [128, 512, 8, 8]          33,792
│    │    └─InfinityConv: 3-50                3                         [128, 512, 8, 8]          [128, 512, 8, 8]          4,608
│    │    └─BatchNorm2d: 3-51                 --                        [128, 512, 8, 8]          [128, 512, 8, 8]          1,024
│    │    └─Identity: 3-52                    --                        [128, 512, 8, 8]          [128, 512, 8, 8]          --
│    │    └─Conv2d: 3-53                      [1, 1]                    [128, 512, 8, 8]          [128, 64, 8, 8]           32,768
│    │    └─BatchNorm2d: 3-54                 --                        [128, 64, 8, 8]           [128, 64, 8, 8]           128
│    └─InvertedResidual: 2-10                 --                        [128, 64, 8, 8]           [128, 64, 8, 8]           --
│    │    └─Conv2dNormActivation: 3-55        --                        [128, 64, 8, 8]           [128, 512, 8, 8]          33,792
│    │    └─InfinityConv: 3-56                3                         [128, 512, 8, 8]          [128, 512, 8, 8]          4,608
│    │    └─BatchNorm2d: 3-57                 --                        [128, 512, 8, 8]          [128, 512, 8, 8]          1,024
│    │    └─Identity: 3-58                    --                        [128, 512, 8, 8]          [128, 512, 8, 8]          --
│    │    └─Conv2d: 3-59                      [1, 1]                    [128, 512, 8, 8]          [128, 64, 8, 8]           32,768
│    │    └─BatchNorm2d: 3-60                 --                        [128, 64, 8, 8]           [128, 64, 8, 8]           128
├─Sequential: 1-2                             --                        [128, 64]                 [128, 10]                 --
│    └─Dropout: 2-11                          --                        [128, 64]                 [128, 64]                 --
│    └─Linear: 2-12                           --                        [128, 64]                 [128, 10]                 650
=================================================================================================================================================
Total params: 238,666
Trainable params: 238,666
Non-trainable params: 0
Total mult-adds (G): 4.60
=================================================================================================================================================
Input size (MB): 1.57
Forward/backward pass size (MB): 3196.07
Params size (MB): 0.95
Estimated Total Size (MB): 3198.60
=================================================================================================================================================| epoch   1 | time 18.99s | loss 1.4162 | train_acc 47.19 | val_acc 57.72 | lr 3.00e-03| best
| epoch   2 | time 18.53s | loss 1.0201 | train_acc 63.36 | val_acc 66.59 | lr 3.00e-03| best
| epoch   3 | time 18.54s | loss 0.8472 | train_acc 70.12 | val_acc 71.39 | lr 3.00e-03| best
| epoch   4 | time 18.53s | loss 0.7325 | train_acc 74.52 | val_acc 75.41 | lr 3.00e-03| best
| epoch   5 | time 18.53s | loss 0.6499 | train_acc 77.42 | val_acc 78.20 | lr 3.00e-03| best
| epoch   6 | time 18.55s | loss 0.5972 | train_acc 79.23 | val_acc 79.93 | lr 3.00e-03| best
| epoch   7 | time 18.53s | loss 0.5509 | train_acc 81.08 | val_acc 79.80 | lr 3.00e-03|
| epoch   8 | time 18.54s | loss 0.5224 | train_acc 82.05 | val_acc 80.78 | lr 3.00e-03| best
| epoch   9 | time 18.52s | loss 0.4889 | train_acc 83.16 | val_acc 82.25 | lr 3.00e-03| best
| epoch  10 | time 18.54s | loss 0.4700 | train_acc 83.65 | val_acc 82.84 | lr 3.00e-03| best
| epoch  11 | time 18.52s | loss 0.4479 | train_acc 84.62 | val_acc 81.94 | lr 3.00e-03|
| epoch  12 | time 18.52s | loss 0.4290 | train_acc 85.25 | val_acc 83.85 | lr 2.99e-03| best
| epoch  13 | time 18.52s | loss 0.4095 | train_acc 85.84 | val_acc 82.52 | lr 2.99e-03|
| epoch  14 | time 18.52s | loss 0.3973 | train_acc 86.17 | val_acc 84.96 | lr 2.99e-03| best
| epoch  15 | time 18.51s | loss 0.3826 | train_acc 86.84 | val_acc 83.99 | lr 2.99e-03|
| epoch  16 | time 18.54s | loss 0.3676 | train_acc 87.22 | val_acc 84.24 | lr 2.99e-03|
| epoch  17 | time 18.52s | loss 0.3595 | train_acc 87.66 | val_acc 84.67 | lr 2.99e-03|
| epoch  18 | time 18.52s | loss 0.3439 | train_acc 88.10 | val_acc 84.63 | lr 2.99e-03|
| epoch  19 | time 18.52s | loss 0.3342 | train_acc 88.56 | val_acc 84.28 | lr 2.99e-03|
| epoch  20 | time 18.53s | loss 0.3287 | train_acc 88.43 | val_acc 85.55 | lr 2.98e-03| best
| epoch  21 | time 18.53s | loss 0.3180 | train_acc 88.96 | val_acc 86.12 | lr 2.98e-03| best
| epoch  22 | time 18.53s | loss 0.3082 | train_acc 89.20 | val_acc 84.38 | lr 2.98e-03|
| epoch  23 | time 18.52s | loss 0.3013 | train_acc 89.43 | val_acc 85.80 | lr 2.98e-03|
| epoch  24 | time 18.51s | loss 0.2928 | train_acc 89.87 | val_acc 85.59 | lr 2.98e-03|
| epoch  25 | time 18.53s | loss 0.2794 | train_acc 90.21 | val_acc 83.38 | lr 2.97e-03|
| epoch  26 | time 18.53s | loss 0.2750 | train_acc 90.35 | val_acc 85.86 | lr 2.97e-03|
| epoch  27 | time 18.52s | loss 0.2740 | train_acc 90.30 | val_acc 86.61 | lr 2.97e-03| best
| epoch  28 | time 18.53s | loss 0.2638 | train_acc 90.80 | val_acc 87.01 | lr 2.97e-03| best
| epoch  29 | time 18.54s | loss 0.2617 | train_acc 90.86 | val_acc 85.77 | lr 2.96e-03|
| epoch  30 | time 18.52s | loss 0.2524 | train_acc 91.15 | val_acc 86.52 | lr 2.96e-03|
| epoch  31 | time 18.53s | loss 0.2493 | train_acc 91.07 | val_acc 85.88 | lr 2.96e-03|
| epoch  32 | time 18.52s | loss 0.2414 | train_acc 91.54 | val_acc 83.33 | lr 2.96e-03|
| epoch  33 | time 18.55s | loss 0.2418 | train_acc 91.46 | val_acc 84.17 | lr 2.95e-03|
| epoch  34 | time 18.52s | loss 0.2294 | train_acc 91.94 | val_acc 87.20 | lr 2.95e-03| best
| epoch  35 | time 18.55s | loss 0.2318 | train_acc 91.74 | val_acc 86.69 | lr 2.95e-03|
| epoch  36 | time 18.56s | loss 0.2219 | train_acc 92.20 | val_acc 83.09 | lr 2.94e-03|
| epoch  37 | time 18.51s | loss 0.2254 | train_acc 91.93 | val_acc 86.22 | lr 2.94e-03|
| epoch  38 | time 18.52s | loss 0.2157 | train_acc 92.51 | val_acc 85.75 | lr 2.94e-03|
| epoch  39 | time 18.53s | loss 0.2100 | train_acc 92.55 | val_acc 85.86 | lr 2.93e-03|
| epoch  40 | time 18.51s | loss 0.2126 | train_acc 92.62 | val_acc 86.93 | lr 2.93e-03|
| epoch  41 | time 18.53s | loss 0.2062 | train_acc 92.67 | val_acc 87.70 | lr 2.93e-03| best
| epoch  42 | time 18.54s | loss 0.1990 | train_acc 93.03 | val_acc 87.95 | lr 2.92e-03| best
| epoch  43 | time 18.52s | loss 0.1988 | train_acc 92.93 | val_acc 86.85 | lr 2.92e-03|
| epoch  44 | time 18.51s | loss 0.1919 | train_acc 93.17 | val_acc 86.53 | lr 2.92e-03|
| epoch  45 | time 18.55s | loss 0.1917 | train_acc 93.14 | val_acc 87.36 | lr 2.91e-03|
| epoch  46 | time 18.53s | loss 0.1886 | train_acc 93.32 | val_acc 87.39 | lr 2.91e-03|
| epoch  47 | time 18.52s | loss 0.1865 | train_acc 93.54 | val_acc 87.96 | lr 2.90e-03| best
| epoch  48 | time 18.54s | loss 0.1879 | train_acc 93.32 | val_acc 86.14 | lr 2.90e-03|
| epoch  49 | time 18.54s | loss 0.1818 | train_acc 93.61 | val_acc 88.20 | lr 2.89e-03| best
| epoch  50 | time 18.51s | loss 0.1766 | train_acc 93.76 | val_acc 88.86 | lr 2.89e-03| best
| epoch  51 | time 18.54s | loss 0.1760 | train_acc 93.78 | val_acc 87.48 | lr 2.89e-03|
| epoch  52 | time 18.53s | loss 0.1697 | train_acc 94.01 | val_acc 87.38 | lr 2.88e-03|
| epoch  53 | time 18.53s | loss 0.1715 | train_acc 93.96 | val_acc 88.03 | lr 2.88e-03|
| epoch  54 | time 18.54s | loss 0.1707 | train_acc 93.90 | val_acc 72.54 | lr 2.87e-03|
| epoch  55 | time 18.54s | loss 0.1658 | train_acc 94.17 | val_acc 81.34 | lr 2.87e-03|
| epoch  56 | time 18.54s | loss 0.1651 | train_acc 94.11 | val_acc 88.09 | lr 2.86e-03|
| epoch  57 | time 18.56s | loss 0.1647 | train_acc 94.27 | val_acc 84.80 | lr 2.86e-03|
| epoch  58 | time 18.52s | loss 0.1621 | train_acc 94.26 | val_acc 85.99 | lr 2.85e-03|
| epoch  59 | time 18.55s | loss 0.1607 | train_acc 94.31 | val_acc 86.65 | lr 2.85e-03|
| epoch  60 | time 18.52s | loss 0.1579 | train_acc 94.33 | val_acc 88.09 | lr 2.84e-03|
| epoch  61 | time 18.49s | loss 0.1549 | train_acc 94.59 | val_acc 87.01 | lr 2.84e-03|
| epoch  62 | time 18.53s | loss 0.1504 | train_acc 94.74 | val_acc 89.05 | lr 2.83e-03| best
| epoch  63 | time 18.54s | loss 0.1508 | train_acc 94.66 | val_acc 88.31 | lr 2.83e-03|
| epoch  64 | time 18.52s | loss 0.1508 | train_acc 94.65 | val_acc 87.36 | lr 2.82e-03|
| epoch  65 | time 18.54s | loss 0.1478 | train_acc 94.79 | val_acc 87.00 | lr 2.81e-03|
| epoch  66 | time 18.54s | loss 0.1440 | train_acc 94.88 | val_acc 86.76 | lr 2.81e-03|
| epoch  67 | time 18.53s | loss 0.1465 | train_acc 94.73 | val_acc 86.26 | lr 2.80e-03|
| epoch  68 | time 18.52s | loss 0.1458 | train_acc 94.69 | val_acc 87.17 | lr 2.80e-03|
| epoch  69 | time 18.52s | loss 0.1417 | train_acc 94.92 | val_acc 82.28 | lr 2.79e-03|
| epoch  70 | time 18.52s | loss 0.1400 | train_acc 94.96 | val_acc 87.76 | lr 2.79e-03|
| epoch  71 | time 18.53s | loss 0.1436 | train_acc 94.88 | val_acc 86.70 | lr 2.78e-03|
| epoch  72 | time 18.53s | loss 0.1371 | train_acc 95.12 | val_acc 87.97 | lr 2.77e-03|
| epoch  73 | time 18.53s | loss 0.1401 | train_acc 94.99 | val_acc 88.31 | lr 2.77e-03|
| epoch  74 | time 18.54s | loss 0.1345 | train_acc 95.28 | val_acc 87.98 | lr 2.76e-03|
| epoch  75 | time 18.52s | loss 0.1345 | train_acc 95.33 | val_acc 87.54 | lr 2.75e-03|
| epoch  76 | time 18.53s | loss 0.1301 | train_acc 95.34 | val_acc 88.80 | lr 2.75e-03|
| epoch  77 | time 18.52s | loss 0.1341 | train_acc 95.27 | val_acc 86.48 | lr 2.74e-03|
| epoch  78 | time 18.54s | loss 0.1274 | train_acc 95.57 | val_acc 88.78 | lr 2.73e-03|
| epoch  79 | time 18.52s | loss 0.1290 | train_acc 95.38 | val_acc 88.22 | lr 2.73e-03|
| epoch  80 | time 18.54s | loss 0.1302 | train_acc 95.43 | val_acc 84.13 | lr 2.72e-03|
| epoch  81 | time 18.52s | loss 0.1304 | train_acc 95.42 | val_acc 88.31 | lr 2.71e-03|
| epoch  82 | time 18.52s | loss 0.1250 | train_acc 95.57 | val_acc 87.16 | lr 2.71e-03|
| epoch  83 | time 18.55s | loss 0.1239 | train_acc 95.57 | val_acc 88.04 | lr 2.70e-03|
| epoch  84 | time 18.54s | loss 0.1232 | train_acc 95.67 | val_acc 88.04 | lr 2.69e-03|
| epoch  85 | time 18.55s | loss 0.1150 | train_acc 95.97 | val_acc 88.03 | lr 2.69e-03|
| epoch  86 | time 18.55s | loss 0.1254 | train_acc 95.54 | val_acc 86.16 | lr 2.68e-03|
| epoch  87 | time 18.54s | loss 0.1173 | train_acc 95.87 | val_acc 86.76 | lr 2.67e-03|
| epoch  88 | time 18.53s | loss 0.1130 | train_acc 96.04 | val_acc 86.93 | lr 2.66e-03|
| epoch  89 | time 18.52s | loss 0.1208 | train_acc 95.75 | val_acc 87.28 | lr 2.66e-03|
| epoch  90 | time 18.54s | loss 0.1151 | train_acc 95.92 | val_acc 88.45 | lr 2.65e-03|
| epoch  91 | time 18.54s | loss 0.1171 | train_acc 95.88 | val_acc 86.24 | lr 2.64e-03|
| epoch  92 | time 18.53s | loss 0.1177 | train_acc 95.89 | val_acc 87.36 | lr 2.63e-03|
| epoch  93 | time 18.54s | loss 0.1090 | train_acc 96.18 | val_acc 88.42 | lr 2.63e-03|
| epoch  94 | time 18.53s | loss 0.1118 | train_acc 96.02 | val_acc 87.42 | lr 2.62e-03|
| epoch  95 | time 18.52s | loss 0.1109 | train_acc 96.08 | val_acc 87.53 | lr 2.61e-03|
| epoch  96 | time 18.53s | loss 0.1116 | train_acc 95.95 | val_acc 87.62 | lr 2.60e-03|
| epoch  97 | time 18.51s | loss 0.1135 | train_acc 95.97 | val_acc 85.50 | lr 2.59e-03|
| epoch  98 | time 18.50s | loss 0.1116 | train_acc 95.94 | val_acc 89.17 | lr 2.59e-03| best
| epoch  99 | time 18.59s | loss 0.1102 | train_acc 96.14 | val_acc 87.00 | lr 2.58e-03|
| epoch 100 | time 18.51s | loss 0.1048 | train_acc 96.34 | val_acc 88.53 | lr 2.57e-03|
| epoch 101 | time 18.53s | loss 0.1074 | train_acc 96.16 | val_acc 86.57 | lr 2.56e-03|
| epoch 102 | time 18.53s | loss 0.1119 | train_acc 96.06 | val_acc 87.76 | lr 2.55e-03|
| epoch 103 | time 18.53s | loss 0.1036 | train_acc 96.32 | val_acc 88.54 | lr 2.54e-03|
| epoch 104 | time 18.51s | loss 0.1028 | train_acc 96.34 | val_acc 87.62 | lr 2.54e-03|
| epoch 105 | time 18.53s | loss 0.1033 | train_acc 96.34 | val_acc 88.59 | lr 2.53e-03|
| epoch 106 | time 18.53s | loss 0.1065 | train_acc 96.26 | val_acc 88.23 | lr 2.52e-03|
| epoch 107 | time 18.54s | loss 0.1034 | train_acc 96.29 | val_acc 88.34 | lr 2.51e-03|
| epoch 108 | time 18.52s | loss 0.1015 | train_acc 96.36 | val_acc 89.03 | lr 2.50e-03|
| epoch 109 | time 18.54s | loss 0.0968 | train_acc 96.62 | val_acc 89.02 | lr 2.49e-03|
| epoch 110 | time 18.52s | loss 0.0976 | train_acc 96.48 | val_acc 89.09 | lr 2.48e-03|
| epoch 111 | time 18.51s | loss 0.0977 | train_acc 96.55 | val_acc 88.15 | lr 2.47e-03|
| epoch 112 | time 18.51s | loss 0.1006 | train_acc 96.44 | val_acc 88.58 | lr 2.47e-03|
| epoch 113 | time 18.53s | loss 0.0980 | train_acc 96.54 | val_acc 88.99 | lr 2.46e-03|
| epoch 114 | time 18.55s | loss 0.0993 | train_acc 96.51 | val_acc 87.93 | lr 2.45e-03|
| epoch 115 | time 18.52s | loss 0.0953 | train_acc 96.63 | val_acc 89.16 | lr 2.44e-03|
| epoch 116 | time 18.53s | loss 0.0958 | train_acc 96.61 | val_acc 88.09 | lr 2.43e-03|
| epoch 117 | time 18.53s | loss 0.0962 | train_acc 96.63 | val_acc 87.88 | lr 2.42e-03|
| epoch 118 | time 18.54s | loss 0.0915 | train_acc 96.86 | val_acc 88.90 | lr 2.41e-03|
| epoch 119 | time 18.53s | loss 0.0960 | train_acc 96.67 | val_acc 89.02 | lr 2.40e-03|
| epoch 120 | time 18.52s | loss 0.0920 | train_acc 96.64 | val_acc 88.73 | lr 2.39e-03|
| epoch 121 | time 18.55s | loss 0.0923 | train_acc 96.72 | val_acc 87.78 | lr 2.38e-03|
| epoch 122 | time 18.54s | loss 0.0926 | train_acc 96.75 | val_acc 87.34 | lr 2.37e-03|
| epoch 123 | time 18.53s | loss 0.0931 | train_acc 96.64 | val_acc 88.68 | lr 2.36e-03|
| epoch 124 | time 18.53s | loss 0.0895 | train_acc 96.84 | val_acc 89.47 | lr 2.35e-03| best
| epoch 125 | time 18.55s | loss 0.0889 | train_acc 96.87 | val_acc 88.67 | lr 2.34e-03|
| epoch 126 | time 18.53s | loss 0.0878 | train_acc 96.92 | val_acc 88.36 | lr 2.33e-03|
| epoch 127 | time 18.53s | loss 0.0895 | train_acc 96.83 | val_acc 88.65 | lr 2.32e-03|
| epoch 128 | time 18.54s | loss 0.0898 | train_acc 96.82 | val_acc 88.14 | lr 2.31e-03|
| epoch 129 | time 18.52s | loss 0.0862 | train_acc 96.96 | val_acc 89.48 | lr 2.30e-03| best
| epoch 130 | time 18.55s | loss 0.0825 | train_acc 97.10 | val_acc 88.59 | lr 2.29e-03|
| epoch 131 | time 18.51s | loss 0.0876 | train_acc 96.98 | val_acc 89.12 | lr 2.28e-03|
| epoch 132 | time 18.53s | loss 0.0801 | train_acc 97.25 | val_acc 88.84 | lr 2.27e-03|
| epoch 133 | time 18.54s | loss 0.0878 | train_acc 96.87 | val_acc 88.98 | lr 2.26e-03|
| epoch 134 | time 18.53s | loss 0.0832 | train_acc 97.09 | val_acc 89.60 | lr 2.25e-03| best
| epoch 135 | time 18.53s | loss 0.0843 | train_acc 96.97 | val_acc 88.71 | lr 2.24e-03|
| epoch 136 | time 18.53s | loss 0.0799 | train_acc 97.21 | val_acc 89.13 | lr 2.23e-03|
| epoch 137 | time 18.53s | loss 0.0824 | train_acc 97.14 | val_acc 89.38 | lr 2.22e-03|
| epoch 138 | time 18.54s | loss 0.0812 | train_acc 97.11 | val_acc 88.88 | lr 2.21e-03|
| epoch 139 | time 18.53s | loss 0.0776 | train_acc 97.18 | val_acc 88.80 | lr 2.20e-03|
| epoch 140 | time 18.53s | loss 0.0792 | train_acc 97.19 | val_acc 89.74 | lr 2.19e-03| best
| epoch 141 | time 18.53s | loss 0.0791 | train_acc 97.21 | val_acc 89.43 | lr 2.18e-03|
| epoch 142 | time 18.53s | loss 0.0798 | train_acc 97.17 | val_acc 89.30 | lr 2.17e-03|
| epoch 143 | time 18.54s | loss 0.0771 | train_acc 97.24 | val_acc 89.60 | lr 2.16e-03|
| epoch 144 | time 18.53s | loss 0.0781 | train_acc 97.14 | val_acc 89.83 | lr 2.15e-03| best
| epoch 145 | time 18.51s | loss 0.0794 | train_acc 97.16 | val_acc 89.62 | lr 2.14e-03|
| epoch 146 | time 18.52s | loss 0.0812 | train_acc 97.18 | val_acc 88.31 | lr 2.13e-03|
| epoch 147 | time 18.51s | loss 0.0735 | train_acc 97.46 | val_acc 90.06 | lr 2.12e-03| best
| epoch 148 | time 18.52s | loss 0.0724 | train_acc 97.47 | val_acc 89.90 | lr 2.11e-03|
| epoch 149 | time 18.53s | loss 0.0773 | train_acc 97.29 | val_acc 88.21 | lr 2.10e-03|
| epoch 150 | time 18.53s | loss 0.0714 | train_acc 97.56 | val_acc 89.19 | lr 2.08e-03|
| epoch 151 | time 18.52s | loss 0.0764 | train_acc 97.25 | val_acc 89.57 | lr 2.07e-03|
| epoch 152 | time 18.52s | loss 0.0714 | train_acc 97.47 | val_acc 89.89 | lr 2.06e-03|
| epoch 153 | time 18.54s | loss 0.0728 | train_acc 97.47 | val_acc 89.33 | lr 2.05e-03|
| epoch 154 | time 18.53s | loss 0.0713 | train_acc 97.52 | val_acc 88.43 | lr 2.04e-03|
| epoch 155 | time 18.52s | loss 0.0750 | train_acc 97.35 | val_acc 90.07 | lr 2.03e-03| best
| epoch 156 | time 18.52s | loss 0.0688 | train_acc 97.53 | val_acc 89.49 | lr 2.02e-03|
| epoch 157 | time 18.55s | loss 0.0746 | train_acc 97.46 | val_acc 89.79 | lr 2.01e-03|
| epoch 158 | time 18.54s | loss 0.0656 | train_acc 97.67 | val_acc 89.68 | lr 2.00e-03|
| epoch 159 | time 18.54s | loss 0.0657 | train_acc 97.76 | val_acc 89.84 | lr 1.99e-03|
| epoch 160 | time 18.48s | loss 0.0708 | train_acc 97.54 | val_acc 90.15 | lr 1.97e-03| best
| epoch 161 | time 18.54s | loss 0.0713 | train_acc 97.45 | val_acc 89.30 | lr 1.96e-03|
| epoch 162 | time 18.52s | loss 0.0700 | train_acc 97.55 | val_acc 90.09 | lr 1.95e-03|
| epoch 163 | time 18.54s | loss 0.0715 | train_acc 97.40 | val_acc 87.52 | lr 1.94e-03|
| epoch 164 | time 18.52s | loss 0.0605 | train_acc 97.91 | val_acc 89.38 | lr 1.93e-03|
| epoch 165 | time 18.55s | loss 0.0696 | train_acc 97.53 | val_acc 89.97 | lr 1.92e-03|
| epoch 166 | time 18.53s | loss 0.0659 | train_acc 97.63 | val_acc 89.93 | lr 1.91e-03|
| epoch 167 | time 18.51s | loss 0.0621 | train_acc 97.85 | val_acc 88.90 | lr 1.90e-03|
| epoch 168 | time 18.52s | loss 0.0634 | train_acc 97.76 | val_acc 89.43 | lr 1.88e-03|
| epoch 169 | time 18.52s | loss 0.0621 | train_acc 97.78 | val_acc 88.99 | lr 1.87e-03|
| epoch 170 | time 18.52s | loss 0.0679 | train_acc 97.72 | val_acc 89.89 | lr 1.86e-03|
| epoch 171 | time 18.52s | loss 0.0646 | train_acc 97.73 | val_acc 89.24 | lr 1.85e-03|
| epoch 172 | time 18.53s | loss 0.0623 | train_acc 97.80 | val_acc 89.72 | lr 1.84e-03|
| epoch 173 | time 18.53s | loss 0.0602 | train_acc 97.89 | val_acc 89.86 | lr 1.83e-03|
| epoch 174 | time 18.52s | loss 0.0625 | train_acc 97.89 | val_acc 89.05 | lr 1.82e-03|
| epoch 175 | time 18.52s | loss 0.0640 | train_acc 97.81 | val_acc 90.62 | lr 1.80e-03| best
| epoch 176 | time 18.52s | loss 0.0617 | train_acc 97.81 | val_acc 88.27 | lr 1.79e-03|
| epoch 177 | time 18.52s | loss 0.0611 | train_acc 97.87 | val_acc 89.26 | lr 1.78e-03|
| epoch 178 | time 18.52s | loss 0.0541 | train_acc 98.05 | val_acc 90.03 | lr 1.77e-03|
| epoch 179 | time 18.52s | loss 0.0611 | train_acc 97.88 | val_acc 88.59 | lr 1.76e-03|
| epoch 180 | time 18.51s | loss 0.0573 | train_acc 97.99 | val_acc 89.29 | lr 1.75e-03|
| epoch 181 | time 18.53s | loss 0.0562 | train_acc 98.05 | val_acc 89.72 | lr 1.73e-03|
| epoch 182 | time 18.53s | loss 0.0568 | train_acc 98.01 | val_acc 90.25 | lr 1.72e-03|
| epoch 183 | time 18.53s | loss 0.0556 | train_acc 98.05 | val_acc 89.66 | lr 1.71e-03|
| epoch 184 | time 18.52s | loss 0.0568 | train_acc 98.03 | val_acc 90.20 | lr 1.70e-03|
| epoch 185 | time 18.51s | loss 0.0537 | train_acc 98.11 | val_acc 89.47 | lr 1.69e-03|
| epoch 186 | time 18.51s | loss 0.0582 | train_acc 97.91 | val_acc 89.60 | lr 1.68e-03|
| epoch 187 | time 18.55s | loss 0.0557 | train_acc 98.07 | val_acc 89.89 | lr 1.66e-03|
| epoch 188 | time 18.53s | loss 0.0505 | train_acc 98.23 | val_acc 89.88 | lr 1.65e-03|
| epoch 189 | time 18.53s | loss 0.0490 | train_acc 98.29 | val_acc 90.08 | lr 1.64e-03|
| epoch 190 | time 18.54s | loss 0.0579 | train_acc 97.91 | val_acc 90.14 | lr 1.63e-03|
| epoch 191 | time 18.54s | loss 0.0543 | train_acc 98.12 | val_acc 90.61 | lr 1.62e-03|
| epoch 192 | time 18.52s | loss 0.0502 | train_acc 98.19 | val_acc 90.64 | lr 1.61e-03| best
| epoch 193 | time 18.53s | loss 0.0530 | train_acc 98.18 | val_acc 90.07 | lr 1.59e-03|
| epoch 194 | time 18.54s | loss 0.0504 | train_acc 98.25 | val_acc 90.68 | lr 1.58e-03| best
| epoch 195 | time 18.51s | loss 0.0442 | train_acc 98.42 | val_acc 90.58 | lr 1.57e-03|
| epoch 196 | time 18.53s | loss 0.0483 | train_acc 98.33 | val_acc 90.45 | lr 1.56e-03|
| epoch 197 | time 18.54s | loss 0.0507 | train_acc 98.22 | val_acc 90.29 | lr 1.55e-03|
| epoch 198 | time 18.54s | loss 0.0497 | train_acc 98.26 | val_acc 90.71 | lr 1.54e-03| best
| epoch 199 | time 18.52s | loss 0.0487 | train_acc 98.23 | val_acc 90.15 | lr 1.52e-03|
| epoch 200 | time 18.52s | loss 0.0476 | train_acc 98.26 | val_acc 89.93 | lr 1.51e-03|
| epoch 201 | time 18.53s | loss 0.0466 | train_acc 98.37 | val_acc 90.82 | lr 1.50e-03| best
| epoch 202 | time 18.52s | loss 0.0455 | train_acc 98.40 | val_acc 90.88 | lr 1.49e-03| best
| epoch 203 | time 18.54s | loss 0.0478 | train_acc 98.29 | val_acc 90.23 | lr 1.48e-03|
| epoch 204 | time 18.55s | loss 0.0480 | train_acc 98.29 | val_acc 89.43 | lr 1.46e-03|
| epoch 205 | time 18.55s | loss 0.0475 | train_acc 98.37 | val_acc 89.79 | lr 1.45e-03|
| epoch 206 | time 18.53s | loss 0.0447 | train_acc 98.45 | val_acc 90.90 | lr 1.44e-03| best
| epoch 207 | time 18.54s | loss 0.0443 | train_acc 98.49 | val_acc 90.68 | lr 1.43e-03|
| epoch 208 | time 18.54s | loss 0.0410 | train_acc 98.59 | val_acc 90.33 | lr 1.42e-03|
| epoch 209 | time 18.53s | loss 0.0414 | train_acc 98.58 | val_acc 90.29 | lr 1.41e-03|
| epoch 210 | time 18.54s | loss 0.0450 | train_acc 98.40 | val_acc 90.80 | lr 1.39e-03|
| epoch 211 | time 18.54s | loss 0.0428 | train_acc 98.48 | val_acc 90.64 | lr 1.38e-03|
| epoch 212 | time 18.54s | loss 0.0442 | train_acc 98.43 | val_acc 90.25 | lr 1.37e-03|
| epoch 213 | time 18.55s | loss 0.0401 | train_acc 98.56 | val_acc 91.15 | lr 1.36e-03| best
| epoch 214 | time 18.53s | loss 0.0441 | train_acc 98.43 | val_acc 90.71 | lr 1.35e-03|
| epoch 215 | time 18.53s | loss 0.0407 | train_acc 98.57 | val_acc 90.49 | lr 1.34e-03|
| epoch 216 | time 18.53s | loss 0.0377 | train_acc 98.66 | val_acc 90.86 | lr 1.32e-03|
| epoch 217 | time 18.55s | loss 0.0411 | train_acc 98.56 | val_acc 90.41 | lr 1.31e-03|
| epoch 218 | time 18.54s | loss 0.0415 | train_acc 98.56 | val_acc 90.35 | lr 1.30e-03|
| epoch 219 | time 18.54s | loss 0.0379 | train_acc 98.63 | val_acc 90.62 | lr 1.29e-03|
| epoch 220 | time 18.53s | loss 0.0431 | train_acc 98.58 | val_acc 90.95 | lr 1.28e-03|
| epoch 221 | time 18.55s | loss 0.0320 | train_acc 98.93 | val_acc 90.85 | lr 1.27e-03|
| epoch 222 | time 18.54s | loss 0.0370 | train_acc 98.72 | val_acc 90.63 | lr 1.25e-03|
| epoch 223 | time 18.53s | loss 0.0388 | train_acc 98.65 | val_acc 91.09 | lr 1.24e-03|
| epoch 224 | time 18.51s | loss 0.0344 | train_acc 98.80 | val_acc 90.24 | lr 1.23e-03|
| epoch 225 | time 18.53s | loss 0.0366 | train_acc 98.75 | val_acc 90.65 | lr 1.22e-03|
| epoch 226 | time 18.53s | loss 0.0358 | train_acc 98.77 | val_acc 90.75 | lr 1.21e-03|
| epoch 227 | time 18.52s | loss 0.0348 | train_acc 98.79 | val_acc 90.66 | lr 1.20e-03|
| epoch 228 | time 18.53s | loss 0.0297 | train_acc 98.96 | val_acc 91.13 | lr 1.18e-03|
| epoch 229 | time 18.56s | loss 0.0361 | train_acc 98.79 | val_acc 90.59 | lr 1.17e-03|
| epoch 230 | time 18.53s | loss 0.0363 | train_acc 98.75 | val_acc 90.67 | lr 1.16e-03|
| epoch 231 | time 18.54s | loss 0.0337 | train_acc 98.87 | val_acc 90.93 | lr 1.15e-03|
| epoch 232 | time 18.54s | loss 0.0343 | train_acc 98.82 | val_acc 90.83 | lr 1.14e-03|
| epoch 233 | time 18.54s | loss 0.0327 | train_acc 98.81 | val_acc 90.85 | lr 1.13e-03|
| epoch 234 | time 18.52s | loss 0.0324 | train_acc 98.91 | val_acc 91.21 | lr 1.12e-03| best
| epoch 235 | time 18.52s | loss 0.0318 | train_acc 98.93 | val_acc 91.15 | lr 1.10e-03|
| epoch 236 | time 18.52s | loss 0.0336 | train_acc 98.89 | val_acc 90.81 | lr 1.09e-03|
| epoch 237 | time 18.53s | loss 0.0300 | train_acc 98.96 | val_acc 90.49 | lr 1.08e-03|
| epoch 238 | time 18.53s | loss 0.0278 | train_acc 99.01 | val_acc 90.99 | lr 1.07e-03|
| epoch 239 | time 18.53s | loss 0.0303 | train_acc 98.96 | val_acc 90.56 | lr 1.06e-03|
| epoch 240 | time 18.50s | loss 0.0287 | train_acc 99.02 | val_acc 90.47 | lr 1.05e-03|
| epoch 241 | time 18.54s | loss 0.0269 | train_acc 99.06 | val_acc 90.72 | lr 1.04e-03|
| epoch 242 | time 18.56s | loss 0.0305 | train_acc 98.93 | val_acc 90.72 | lr 1.03e-03|
| epoch 243 | time 18.54s | loss 0.0283 | train_acc 99.02 | val_acc 91.18 | lr 1.01e-03|
| epoch 244 | time 18.55s | loss 0.0275 | train_acc 99.03 | val_acc 90.91 | lr 1.00e-03|
| epoch 245 | time 18.53s | loss 0.0267 | train_acc 99.09 | val_acc 90.77 | lr 9.92e-04|
| epoch 246 | time 18.56s | loss 0.0282 | train_acc 98.98 | val_acc 90.80 | lr 9.81e-04|
| epoch 247 | time 18.52s | loss 0.0278 | train_acc 99.04 | val_acc 90.76 | lr 9.70e-04|
| epoch 248 | time 18.54s | loss 0.0254 | train_acc 99.16 | val_acc 91.33 | lr 9.59e-04| best
| epoch 249 | time 18.54s | loss 0.0232 | train_acc 99.22 | val_acc 91.06 | lr 9.48e-04|
| epoch 250 | time 18.55s | loss 0.0250 | train_acc 99.13 | val_acc 90.93 | lr 9.37e-04|
| epoch 251 | time 18.54s | loss 0.0268 | train_acc 99.07 | val_acc 91.27 | lr 9.26e-04|
| epoch 252 | time 18.52s | loss 0.0225 | train_acc 99.23 | val_acc 91.18 | lr 9.15e-04|
| epoch 253 | time 18.54s | loss 0.0228 | train_acc 99.25 | val_acc 91.24 | lr 9.04e-04|
| epoch 254 | time 18.52s | loss 0.0242 | train_acc 99.16 | val_acc 91.37 | lr 8.93e-04| best
| epoch 255 | time 18.54s | loss 0.0224 | train_acc 99.23 | val_acc 91.36 | lr 8.83e-04|
| epoch 256 | time 18.55s | loss 0.0235 | train_acc 99.19 | val_acc 91.32 | lr 8.72e-04|
| epoch 257 | time 18.56s | loss 0.0228 | train_acc 99.19 | val_acc 91.13 | lr 8.61e-04|
| epoch 258 | time 18.52s | loss 0.0222 | train_acc 99.27 | val_acc 90.91 | lr 8.51e-04|
| epoch 259 | time 18.55s | loss 0.0247 | train_acc 99.08 | val_acc 91.18 | lr 8.40e-04|
| epoch 260 | time 18.56s | loss 0.0197 | train_acc 99.32 | val_acc 91.60 | lr 8.30e-04| best
| epoch 261 | time 18.53s | loss 0.0220 | train_acc 99.25 | val_acc 91.23 | lr 8.19e-04|
| epoch 262 | time 18.53s | loss 0.0200 | train_acc 99.30 | val_acc 91.52 | lr 8.09e-04|
| epoch 263 | time 18.54s | loss 0.0223 | train_acc 99.22 | val_acc 91.49 | lr 7.98e-04|
| epoch 264 | time 18.52s | loss 0.0201 | train_acc 99.35 | val_acc 90.67 | lr 7.88e-04|
| epoch 265 | time 18.52s | loss 0.0196 | train_acc 99.35 | val_acc 91.02 | lr 7.77e-04|
| epoch 266 | time 18.55s | loss 0.0195 | train_acc 99.37 | val_acc 91.07 | lr 7.67e-04|
| epoch 267 | time 18.54s | loss 0.0178 | train_acc 99.42 | val_acc 91.40 | lr 7.57e-04|
| epoch 268 | time 18.53s | loss 0.0167 | train_acc 99.41 | val_acc 90.98 | lr 7.47e-04|
| epoch 269 | time 18.54s | loss 0.0173 | train_acc 99.41 | val_acc 91.22 | lr 7.36e-04|
| epoch 270 | time 18.53s | loss 0.0188 | train_acc 99.33 | val_acc 91.17 | lr 7.26e-04|
| epoch 271 | time 18.54s | loss 0.0206 | train_acc 99.30 | val_acc 91.29 | lr 7.16e-04|
| epoch 272 | time 18.55s | loss 0.0176 | train_acc 99.39 | val_acc 91.23 | lr 7.06e-04|
| epoch 273 | time 18.54s | loss 0.0169 | train_acc 99.41 | val_acc 91.90 | lr 6.96e-04| best
| epoch 274 | time 18.54s | loss 0.0170 | train_acc 99.42 | val_acc 91.65 | lr 6.86e-04|
| epoch 275 | time 18.54s | loss 0.0145 | train_acc 99.50 | val_acc 91.51 | lr 6.76e-04|
| epoch 276 | time 18.53s | loss 0.0150 | train_acc 99.46 | val_acc 91.70 | lr 6.67e-04|
| epoch 277 | time 18.53s | loss 0.0166 | train_acc 99.43 | val_acc 91.58 | lr 6.57e-04|
| epoch 278 | time 18.53s | loss 0.0149 | train_acc 99.49 | val_acc 91.49 | lr 6.47e-04|
| epoch 279 | time 18.54s | loss 0.0156 | train_acc 99.47 | val_acc 91.47 | lr 6.37e-04|
| epoch 280 | time 18.55s | loss 0.0145 | train_acc 99.50 | val_acc 91.45 | lr 6.28e-04|
| epoch 281 | time 18.52s | loss 0.0137 | train_acc 99.54 | val_acc 91.44 | lr 6.18e-04|
| epoch 282 | time 18.53s | loss 0.0148 | train_acc 99.53 | val_acc 91.56 | lr 6.09e-04|
| epoch 283 | time 18.57s | loss 0.0133 | train_acc 99.57 | val_acc 91.27 | lr 5.99e-04|
| epoch 284 | time 18.54s | loss 0.0142 | train_acc 99.48 | val_acc 91.68 | lr 5.90e-04|
| epoch 285 | time 18.53s | loss 0.0146 | train_acc 99.48 | val_acc 91.57 | lr 5.81e-04|
| epoch 286 | time 18.52s | loss 0.0131 | train_acc 99.55 | val_acc 91.31 | lr 5.71e-04|
| epoch 287 | time 18.53s | loss 0.0121 | train_acc 99.56 | val_acc 91.52 | lr 5.62e-04|
| epoch 288 | time 18.55s | loss 0.0119 | train_acc 99.60 | val_acc 91.28 | lr 5.53e-04|
| epoch 289 | time 18.54s | loss 0.0124 | train_acc 99.54 | val_acc 91.54 | lr 5.44e-04|
| epoch 290 | time 18.55s | loss 0.0108 | train_acc 99.66 | val_acc 91.83 | lr 5.35e-04|
| epoch 291 | time 18.53s | loss 0.0127 | train_acc 99.57 | val_acc 91.58 | lr 5.26e-04|
| epoch 292 | time 18.54s | loss 0.0108 | train_acc 99.67 | val_acc 91.73 | lr 5.17e-04|
| epoch 293 | time 18.52s | loss 0.0105 | train_acc 99.64 | val_acc 91.79 | lr 5.08e-04|
| epoch 294 | time 18.54s | loss 0.0117 | train_acc 99.61 | val_acc 91.66 | lr 4.99e-04|
| epoch 295 | time 18.55s | loss 0.0105 | train_acc 99.66 | val_acc 91.56 | lr 4.90e-04|
| epoch 296 | time 18.54s | loss 0.0092 | train_acc 99.69 | val_acc 91.53 | lr 4.82e-04|
| epoch 297 | time 18.54s | loss 0.0088 | train_acc 99.71 | val_acc 91.65 | lr 4.73e-04|
| epoch 298 | time 18.54s | loss 0.0105 | train_acc 99.63 | val_acc 91.93 | lr 4.65e-04| best
| epoch 299 | time 18.53s | loss 0.0118 | train_acc 99.61 | val_acc 91.38 | lr 4.56e-04|
| epoch 300 | time 18.54s | loss 0.0103 | train_acc 99.65 | val_acc 91.64 | lr 4.48e-04|
| epoch 301 | time 18.53s | loss 0.0084 | train_acc 99.75 | val_acc 91.88 | lr 4.39e-04|
| epoch 302 | time 18.55s | loss 0.0093 | train_acc 99.70 | val_acc 91.74 | lr 4.31e-04|
| epoch 303 | time 18.54s | loss 0.0083 | train_acc 99.75 | val_acc 91.60 | lr 4.23e-04|
| epoch 304 | time 18.56s | loss 0.0080 | train_acc 99.74 | val_acc 91.74 | lr 4.15e-04|
| epoch 305 | time 18.55s | loss 0.0086 | train_acc 99.73 | val_acc 91.99 | lr 4.07e-04| best
| epoch 306 | time 18.56s | loss 0.0089 | train_acc 99.70 | val_acc 92.00 | lr 3.99e-04| best
| epoch 307 | time 18.52s | loss 0.0080 | train_acc 99.74 | val_acc 91.94 | lr 3.91e-04|
| epoch 308 | time 18.55s | loss 0.0070 | train_acc 99.80 | val_acc 91.94 | lr 3.83e-04|
| epoch 309 | time 18.52s | loss 0.0054 | train_acc 99.82 | val_acc 92.33 | lr 3.75e-04| best
| epoch 310 | time 18.55s | loss 0.0064 | train_acc 99.82 | val_acc 91.72 | lr 3.67e-04|
| epoch 311 | time 18.54s | loss 0.0065 | train_acc 99.78 | val_acc 92.12 | lr 3.59e-04|
| epoch 312 | time 18.54s | loss 0.0078 | train_acc 99.75 | val_acc 91.91 | lr 3.52e-04|
| epoch 313 | time 18.55s | loss 0.0074 | train_acc 99.77 | val_acc 92.14 | lr 3.44e-04|
| epoch 314 | time 18.55s | loss 0.0065 | train_acc 99.78 | val_acc 92.19 | lr 3.37e-04|
| epoch 315 | time 18.57s | loss 0.0058 | train_acc 99.82 | val_acc 92.11 | lr 3.29e-04|
| epoch 316 | time 18.54s | loss 0.0058 | train_acc 99.84 | val_acc 92.29 | lr 3.22e-04|
| epoch 317 | time 18.53s | loss 0.0063 | train_acc 99.78 | val_acc 91.65 | lr 3.15e-04|
| epoch 318 | time 18.55s | loss 0.0067 | train_acc 99.78 | val_acc 92.13 | lr 3.08e-04|
| epoch 319 | time 18.54s | loss 0.0052 | train_acc 99.84 | val_acc 91.85 | lr 3.00e-04|
| epoch 320 | time 18.58s | loss 0.0047 | train_acc 99.86 | val_acc 92.15 | lr 2.93e-04|
| epoch 321 | time 18.55s | loss 0.0052 | train_acc 99.84 | val_acc 92.07 | lr 2.86e-04|
| epoch 322 | time 18.53s | loss 0.0048 | train_acc 99.83 | val_acc 92.11 | lr 2.80e-04|
| epoch 323 | time 18.57s | loss 0.0044 | train_acc 99.86 | val_acc 92.25 | lr 2.73e-04|
| epoch 324 | time 18.55s | loss 0.0052 | train_acc 99.83 | val_acc 92.11 | lr 2.66e-04|
| epoch 325 | time 18.53s | loss 0.0038 | train_acc 99.88 | val_acc 92.21 | lr 2.59e-04|
| epoch 326 | time 18.54s | loss 0.0040 | train_acc 99.87 | val_acc 92.30 | lr 2.53e-04|
| epoch 327 | time 18.55s | loss 0.0034 | train_acc 99.89 | val_acc 92.27 | lr 2.46e-04|
| epoch 328 | time 18.54s | loss 0.0050 | train_acc 99.83 | val_acc 91.95 | lr 2.40e-04|
| epoch 329 | time 18.54s | loss 0.0041 | train_acc 99.86 | val_acc 92.14 | lr 2.34e-04|
| epoch 330 | time 18.56s | loss 0.0040 | train_acc 99.89 | val_acc 92.40 | lr 2.27e-04| best
| epoch 331 | time 18.54s | loss 0.0037 | train_acc 99.87 | val_acc 92.52 | lr 2.21e-04| best
| epoch 332 | time 18.53s | loss 0.0038 | train_acc 99.87 | val_acc 92.39 | lr 2.15e-04|
| epoch 333 | time 18.56s | loss 0.0039 | train_acc 99.87 | val_acc 92.14 | lr 2.09e-04|
| epoch 334 | time 18.55s | loss 0.0033 | train_acc 99.90 | val_acc 92.24 | lr 2.03e-04|
| epoch 335 | time 18.56s | loss 0.0035 | train_acc 99.88 | val_acc 92.15 | lr 1.97e-04|
| epoch 336 | time 18.56s | loss 0.0036 | train_acc 99.89 | val_acc 92.28 | lr 1.91e-04|
| epoch 337 | time 18.56s | loss 0.0031 | train_acc 99.91 | val_acc 92.49 | lr 1.86e-04|
| epoch 338 | time 18.57s | loss 0.0038 | train_acc 99.88 | val_acc 92.31 | lr 1.80e-04|
| epoch 339 | time 18.56s | loss 0.0033 | train_acc 99.91 | val_acc 92.14 | lr 1.74e-04|
| epoch 340 | time 18.54s | loss 0.0034 | train_acc 99.88 | val_acc 92.17 | lr 1.69e-04|
| epoch 341 | time 18.53s | loss 0.0027 | train_acc 99.92 | val_acc 92.55 | lr 1.63e-04| best
| epoch 342 | time 18.54s | loss 0.0027 | train_acc 99.90 | val_acc 92.37 | lr 1.58e-04|
| epoch 343 | time 18.56s | loss 0.0025 | train_acc 99.93 | val_acc 92.47 | lr 1.53e-04|
| epoch 344 | time 18.54s | loss 0.0024 | train_acc 99.93 | val_acc 92.38 | lr 1.48e-04|
| epoch 345 | time 18.54s | loss 0.0026 | train_acc 99.93 | val_acc 92.47 | lr 1.43e-04|
| epoch 346 | time 18.54s | loss 0.0021 | train_acc 99.94 | val_acc 92.36 | lr 1.38e-04|
| epoch 347 | time 18.55s | loss 0.0023 | train_acc 99.93 | val_acc 92.49 | lr 1.33e-04|
| epoch 348 | time 18.53s | loss 0.0025 | train_acc 99.92 | val_acc 92.56 | lr 1.28e-04| best
| epoch 349 | time 18.54s | loss 0.0022 | train_acc 99.94 | val_acc 92.41 | lr 1.23e-04|
| epoch 350 | time 18.53s | loss 0.0024 | train_acc 99.94 | val_acc 92.46 | lr 1.19e-04|
| epoch 351 | time 18.54s | loss 0.0022 | train_acc 99.93 | val_acc 92.57 | lr 1.14e-04| best
| epoch 352 | time 18.55s | loss 0.0018 | train_acc 99.96 | val_acc 92.58 | lr 1.10e-04| best
| epoch 353 | time 18.54s | loss 0.0019 | train_acc 99.94 | val_acc 92.49 | lr 1.05e-04|
| epoch 354 | time 18.56s | loss 0.0018 | train_acc 99.96 | val_acc 92.79 | lr 1.01e-04| best
| epoch 355 | time 18.53s | loss 0.0018 | train_acc 99.95 | val_acc 92.66 | lr 9.68e-05|
| epoch 356 | time 18.55s | loss 0.0017 | train_acc 99.96 | val_acc 92.69 | lr 9.27e-05|
| epoch 357 | time 18.55s | loss 0.0017 | train_acc 99.95 | val_acc 92.54 | lr 8.87e-05|
| epoch 358 | time 18.56s | loss 0.0017 | train_acc 99.95 | val_acc 92.44 | lr 8.47e-05|
| epoch 359 | time 18.53s | loss 0.0017 | train_acc 99.95 | val_acc 92.66 | lr 8.09e-05|
| epoch 360 | time 18.55s | loss 0.0016 | train_acc 99.95 | val_acc 92.51 | lr 7.71e-05|
| epoch 361 | time 18.55s | loss 0.0013 | train_acc 99.97 | val_acc 92.49 | lr 7.34e-05|
| epoch 362 | time 18.51s | loss 0.0018 | train_acc 99.94 | val_acc 92.37 | lr 6.98e-05|
| epoch 363 | time 18.54s | loss 0.0016 | train_acc 99.96 | val_acc 92.56 | lr 6.63e-05|
| epoch 364 | time 18.55s | loss 0.0016 | train_acc 99.95 | val_acc 92.56 | lr 6.29e-05|
| epoch 365 | time 18.55s | loss 0.0013 | train_acc 99.96 | val_acc 92.50 | lr 5.96e-05|
| epoch 366 | time 18.55s | loss 0.0016 | train_acc 99.95 | val_acc 92.37 | lr 5.63e-05|
| epoch 367 | time 18.54s | loss 0.0016 | train_acc 99.95 | val_acc 92.54 | lr 5.32e-05|
| epoch 368 | time 18.56s | loss 0.0015 | train_acc 99.96 | val_acc 92.49 | lr 5.01e-05|
| epoch 369 | time 18.53s | loss 0.0013 | train_acc 99.97 | val_acc 92.56 | lr 4.71e-05|
| epoch 370 | time 18.55s | loss 0.0013 | train_acc 99.97 | val_acc 92.58 | lr 4.42e-05|
| epoch 371 | time 18.56s | loss 0.0014 | train_acc 99.96 | val_acc 92.63 | lr 4.14e-05|
| epoch 372 | time 18.55s | loss 0.0015 | train_acc 99.95 | val_acc 92.68 | lr 3.87e-05|
| epoch 373 | time 18.54s | loss 0.0012 | train_acc 99.97 | val_acc 92.57 | lr 3.61e-05|
| epoch 374 | time 18.55s | loss 0.0012 | train_acc 99.97 | val_acc 92.74 | lr 3.36e-05|
| epoch 375 | time 18.54s | loss 0.0012 | train_acc 99.97 | val_acc 92.73 | lr 3.12e-05|
| epoch 376 | time 18.54s | loss 0.0010 | train_acc 99.98 | val_acc 92.65 | lr 2.88e-05|
| epoch 377 | time 18.55s | loss 0.0010 | train_acc 99.98 | val_acc 92.75 | lr 2.66e-05|
| epoch 378 | time 18.56s | loss 0.0011 | train_acc 99.97 | val_acc 92.79 | lr 2.44e-05|
| epoch 379 | time 18.54s | loss 0.0010 | train_acc 99.98 | val_acc 92.77 | lr 2.23e-05|
| epoch 380 | time 18.55s | loss 0.0011 | train_acc 99.96 | val_acc 92.65 | lr 2.04e-05|
| epoch 381 | time 18.55s | loss 0.0011 | train_acc 99.97 | val_acc 92.77 | lr 1.85e-05|
| epoch 382 | time 18.53s | loss 0.0011 | train_acc 99.97 | val_acc 92.89 | lr 1.67e-05| best
| epoch 383 | time 18.54s | loss 0.0009 | train_acc 99.98 | val_acc 92.77 | lr 1.50e-05|
| epoch 384 | time 18.54s | loss 0.0010 | train_acc 99.97 | val_acc 92.82 | lr 1.34e-05|
| epoch 385 | time 18.54s | loss 0.0009 | train_acc 99.98 | val_acc 92.77 | lr 1.18e-05|
| epoch 386 | time 18.54s | loss 0.0010 | train_acc 99.97 | val_acc 92.66 | lr 1.04e-05|
| epoch 387 | time 18.53s | loss 0.0013 | train_acc 99.96 | val_acc 92.84 | lr 9.06e-06|
| epoch 388 | time 18.57s | loss 0.0009 | train_acc 99.99 | val_acc 92.81 | lr 7.81e-06|
| epoch 389 | time 18.53s | loss 0.0007 | train_acc 99.99 | val_acc 92.85 | lr 6.66e-06|
| epoch 390 | time 18.52s | loss 0.0011 | train_acc 99.98 | val_acc 92.83 | lr 5.59e-06|
| epoch 391 | time 18.52s | loss 0.0008 | train_acc 99.98 | val_acc 92.79 | lr 4.62e-06|
| epoch 392 | time 18.54s | loss 0.0009 | train_acc 99.97 | val_acc 92.79 | lr 3.75e-06|
| epoch 393 | time 18.54s | loss 0.0008 | train_acc 99.98 | val_acc 92.78 | lr 2.96e-06|
| epoch 394 | time 18.55s | loss 0.0009 | train_acc 99.97 | val_acc 92.89 | lr 2.27e-06|
| epoch 395 | time 18.58s | loss 0.0009 | train_acc 99.97 | val_acc 92.81 | lr 1.67e-06|
| epoch 396 | time 18.57s | loss 0.0014 | train_acc 99.97 | val_acc 92.79 | lr 1.16e-06|
| epoch 397 | time 18.56s | loss 0.0009 | train_acc 99.98 | val_acc 92.77 | lr 7.40e-07|
| epoch 398 | time 18.48s | loss 0.0009 | train_acc 99.98 | val_acc 92.85 | lr 4.16e-07|
| epoch 399 | time 18.47s | loss 0.0009 | train_acc 99.98 | val_acc 92.88 | lr 1.85e-07|
| epoch 400 | time 18.45s | loss 0.0007 | train_acc 99.99 | val_acc 92.86 | lr 4.63e-08|
