GeneralParams(name='runs/CIFAR10/20230909_1352_079359',
              console=True,
              tensorboard=True,
              load=False,
              test=False,
              cuda=True,
              num_workers=4,
              gpu='0',
              visualize=False)
DatasetParams(dataset='CIFAR10', image_size=32)
TrainerParams(batch_size=128,
              optimizer='SGD',
              lr=0.001,
              lr_morpho=1,
              weight_decay=0,
              max_epochs=400,
              scheduler='CosineAnnealingLR',
              amp=True)
ModelParams(model='MobileNetV2-31',
            morpho_type='infinity',
            expansion=8,
            morpho_init='normal',
            relu=False,
            conv_type='norm1',
            norm_type='globalnorm')
Using cuda backend
============================================================================================================================================
Layer (type:depth-idx)                   Kernel Shape              Input Shape               Output Shape              Param #
============================================================================================================================================
MobileNetV2                              --                        [128, 3, 32, 32]          [128, 10]                 --
├─Sequential: 1-1                        --                        [128, 3, 32, 32]          [128, 64, 8, 8]           --
│    └─InvertedResidual: 2-1             --                        [128, 3, 32, 32]          [128, 16, 32, 32]         --
│    │    └─Conv1x1: 3-1                 --                        [128, 3, 32, 32]          [128, 16, 32, 32]         48
│    │    └─BatchNorm2d: 3-2             --                        [128, 16, 32, 32]         [128, 16, 32, 32]         32
│    │    └─Identity: 3-3                --                        [128, 16, 32, 32]         [128, 16, 32, 32]         --
│    │    └─InfinityConv: 3-4            3                         [128, 16, 32, 32]         [128, 16, 32, 32]         144
│    │    └─BatchNorm2d: 3-5             --                        [128, 16, 32, 32]         [128, 16, 32, 32]         32
│    │    └─Identity: 3-6                --                        [128, 16, 32, 32]         [128, 16, 32, 32]         --
│    │    └─Conv1x1: 3-7                 --                        [128, 16, 32, 32]         [128, 16, 32, 32]         256
│    │    └─BatchNorm2d: 3-8             --                        [128, 16, 32, 32]         [128, 16, 32, 32]         32
│    └─InvertedResidual: 2-2             --                        [128, 16, 32, 32]         [128, 16, 32, 32]         --
│    │    └─Conv1x1: 3-9                 --                        [128, 16, 32, 32]         [128, 128, 32, 32]        2,048
│    │    └─BatchNorm2d: 3-10            --                        [128, 128, 32, 32]        [128, 128, 32, 32]        256
│    │    └─Identity: 3-11               --                        [128, 128, 32, 32]        [128, 128, 32, 32]        --
│    │    └─InfinityConv: 3-12           3                         [128, 128, 32, 32]        [128, 128, 32, 32]        1,152
│    │    └─BatchNorm2d: 3-13            --                        [128, 128, 32, 32]        [128, 128, 32, 32]        256
│    │    └─Identity: 3-14               --                        [128, 128, 32, 32]        [128, 128, 32, 32]        --
│    │    └─Conv1x1: 3-15                --                        [128, 128, 32, 32]        [128, 16, 32, 32]         2,048
│    │    └─BatchNorm2d: 3-16            --                        [128, 16, 32, 32]         [128, 16, 32, 32]         32
│    └─InvertedResidual: 2-3             --                        [128, 16, 32, 32]         [128, 16, 32, 32]         --
│    │    └─Conv1x1: 3-17                --                        [128, 16, 32, 32]         [128, 128, 32, 32]        2,048
│    │    └─BatchNorm2d: 3-18            --                        [128, 128, 32, 32]        [128, 128, 32, 32]        256
│    │    └─Identity: 3-19               --                        [128, 128, 32, 32]        [128, 128, 32, 32]        --
│    │    └─InfinityConv: 3-20           3                         [128, 128, 32, 32]        [128, 128, 32, 32]        1,152
│    │    └─BatchNorm2d: 3-21            --                        [128, 128, 32, 32]        [128, 128, 32, 32]        256
│    │    └─Identity: 3-22               --                        [128, 128, 32, 32]        [128, 128, 32, 32]        --
│    │    └─Conv1x1: 3-23                --                        [128, 128, 32, 32]        [128, 16, 32, 32]         2,048
│    │    └─BatchNorm2d: 3-24            --                        [128, 16, 32, 32]         [128, 16, 32, 32]         32
│    └─InvertedResidual: 2-4             --                        [128, 16, 32, 32]         [128, 16, 32, 32]         --
│    │    └─Conv1x1: 3-25                --                        [128, 16, 32, 32]         [128, 128, 32, 32]        2,048
│    │    └─BatchNorm2d: 3-26            --                        [128, 128, 32, 32]        [128, 128, 32, 32]        256
│    │    └─Identity: 3-27               --                        [128, 128, 32, 32]        [128, 128, 32, 32]        --
│    │    └─InfinityConv: 3-28           3                         [128, 128, 32, 32]        [128, 128, 32, 32]        1,152
│    │    └─BatchNorm2d: 3-29            --                        [128, 128, 32, 32]        [128, 128, 32, 32]        256
│    │    └─Identity: 3-30               --                        [128, 128, 32, 32]        [128, 128, 32, 32]        --
│    │    └─Conv1x1: 3-31                --                        [128, 128, 32, 32]        [128, 16, 32, 32]         2,048
│    │    └─BatchNorm2d: 3-32            --                        [128, 16, 32, 32]         [128, 16, 32, 32]         32
│    └─InvertedResidual: 2-5             --                        [128, 16, 32, 32]         [128, 32, 16, 16]         --
│    │    └─Conv1x1: 3-33                --                        [128, 16, 32, 32]         [128, 128, 32, 32]        2,048
│    │    └─BatchNorm2d: 3-34            --                        [128, 128, 32, 32]        [128, 128, 32, 32]        256
│    │    └─Identity: 3-35               --                        [128, 128, 32, 32]        [128, 128, 32, 32]        --
│    │    └─InfinityConv: 3-36           3                         [128, 128, 32, 32]        [128, 128, 16, 16]        1,152
│    │    └─BatchNorm2d: 3-37            --                        [128, 128, 16, 16]        [128, 128, 16, 16]        256
│    │    └─Identity: 3-38               --                        [128, 128, 16, 16]        [128, 128, 16, 16]        --
│    │    └─Conv1x1: 3-39                --                        [128, 128, 16, 16]        [128, 32, 16, 16]         4,096
│    │    └─BatchNorm2d: 3-40            --                        [128, 32, 16, 16]         [128, 32, 16, 16]         64
│    └─InvertedResidual: 2-6             --                        [128, 32, 16, 16]         [128, 32, 16, 16]         --
│    │    └─Conv1x1: 3-41                --                        [128, 32, 16, 16]         [128, 256, 16, 16]        8,192
│    │    └─BatchNorm2d: 3-42            --                        [128, 256, 16, 16]        [128, 256, 16, 16]        512
│    │    └─Identity: 3-43               --                        [128, 256, 16, 16]        [128, 256, 16, 16]        --
│    │    └─InfinityConv: 3-44           3                         [128, 256, 16, 16]        [128, 256, 16, 16]        2,304
│    │    └─BatchNorm2d: 3-45            --                        [128, 256, 16, 16]        [128, 256, 16, 16]        512
│    │    └─Identity: 3-46               --                        [128, 256, 16, 16]        [128, 256, 16, 16]        --
│    │    └─Conv1x1: 3-47                --                        [128, 256, 16, 16]        [128, 32, 16, 16]         8,192
│    │    └─BatchNorm2d: 3-48            --                        [128, 32, 16, 16]         [128, 32, 16, 16]         64
│    └─InvertedResidual: 2-7             --                        [128, 32, 16, 16]         [128, 32, 16, 16]         --
│    │    └─Conv1x1: 3-49                --                        [128, 32, 16, 16]         [128, 256, 16, 16]        8,192
│    │    └─BatchNorm2d: 3-50            --                        [128, 256, 16, 16]        [128, 256, 16, 16]        512
│    │    └─Identity: 3-51               --                        [128, 256, 16, 16]        [128, 256, 16, 16]        --
│    │    └─InfinityConv: 3-52           3                         [128, 256, 16, 16]        [128, 256, 16, 16]        2,304
│    │    └─BatchNorm2d: 3-53            --                        [128, 256, 16, 16]        [128, 256, 16, 16]        512
│    │    └─Identity: 3-54               --                        [128, 256, 16, 16]        [128, 256, 16, 16]        --
│    │    └─Conv1x1: 3-55                --                        [128, 256, 16, 16]        [128, 32, 16, 16]         8,192
│    │    └─BatchNorm2d: 3-56            --                        [128, 32, 16, 16]         [128, 32, 16, 16]         64
│    └─InvertedResidual: 2-8             --                        [128, 32, 16, 16]         [128, 64, 8, 8]           --
│    │    └─Conv1x1: 3-57                --                        [128, 32, 16, 16]         [128, 256, 16, 16]        8,192
│    │    └─BatchNorm2d: 3-58            --                        [128, 256, 16, 16]        [128, 256, 16, 16]        512
│    │    └─Identity: 3-59               --                        [128, 256, 16, 16]        [128, 256, 16, 16]        --
│    │    └─InfinityConv: 3-60           3                         [128, 256, 16, 16]        [128, 256, 8, 8]          2,304
│    │    └─BatchNorm2d: 3-61            --                        [128, 256, 8, 8]          [128, 256, 8, 8]          512
│    │    └─Identity: 3-62               --                        [128, 256, 8, 8]          [128, 256, 8, 8]          --
│    │    └─Conv1x1: 3-63                --                        [128, 256, 8, 8]          [128, 64, 8, 8]           16,384
│    │    └─BatchNorm2d: 3-64            --                        [128, 64, 8, 8]           [128, 64, 8, 8]           128
│    └─InvertedResidual: 2-9             --                        [128, 64, 8, 8]           [128, 64, 8, 8]           --
│    │    └─Conv1x1: 3-65                --                        [128, 64, 8, 8]           [128, 512, 8, 8]          32,768
│    │    └─BatchNorm2d: 3-66            --                        [128, 512, 8, 8]          [128, 512, 8, 8]          1,024
│    │    └─Identity: 3-67               --                        [128, 512, 8, 8]          [128, 512, 8, 8]          --
│    │    └─InfinityConv: 3-68           3                         [128, 512, 8, 8]          [128, 512, 8, 8]          4,608
│    │    └─BatchNorm2d: 3-69            --                        [128, 512, 8, 8]          [128, 512, 8, 8]          1,024
│    │    └─Identity: 3-70               --                        [128, 512, 8, 8]          [128, 512, 8, 8]          --
│    │    └─Conv1x1: 3-71                --                        [128, 512, 8, 8]          [128, 64, 8, 8]           32,768
│    │    └─BatchNorm2d: 3-72            --                        [128, 64, 8, 8]           [128, 64, 8, 8]           128
│    └─InvertedResidual: 2-10            --                        [128, 64, 8, 8]           [128, 64, 8, 8]           --
│    │    └─Conv1x1: 3-73                --                        [128, 64, 8, 8]           [128, 512, 8, 8]          32,768
│    │    └─BatchNorm2d: 3-74            --                        [128, 512, 8, 8]          [128, 512, 8, 8]          1,024
│    │    └─Identity: 3-75               --                        [128, 512, 8, 8]          [128, 512, 8, 8]          --
│    │    └─InfinityConv: 3-76           3                         [128, 512, 8, 8]          [128, 512, 8, 8]          4,608
│    │    └─BatchNorm2d: 3-77            --                        [128, 512, 8, 8]          [128, 512, 8, 8]          1,024
│    │    └─Identity: 3-78               --                        [128, 512, 8, 8]          [128, 512, 8, 8]          --
│    │    └─Conv1x1: 3-79                --                        [128, 512, 8, 8]          [128, 64, 8, 8]           32,768
│    │    └─BatchNorm2d: 3-80            --                        [128, 64, 8, 8]           [128, 64, 8, 8]           128
├─Sequential: 1-2                        --                        [128, 64]                 [128, 10]                 --
│    └─Dropout: 2-11                     --                        [128, 64]                 [128, 64]                 --
│    └─Linear: 2-12                      --                        [128, 64]                 [128, 10]                 650
============================================================================================================================================
Total params: 238,666
Trainable params: 238,666
Non-trainable params: 0
Total mult-adds (G): 4.60
============================================================================================================================================
Input size (MB): 1.57
Forward/backward pass size (MB): 3196.07
Params size (MB): 0.95
Estimated Total Size (MB): 3198.60
============================================================================================================================================| epoch   1 | time 24.76s | loss 1.8931 | train_acc 27.43 | val_acc 38.76 | lr 1.00e-03| best
| epoch   2 | time 24.36s | loss 1.4396 | train_acc 47.66 | val_acc 51.73 | lr 1.00e-03| best
| epoch   3 | time 24.35s | loss 1.2101 | train_acc 57.16 | val_acc 59.92 | lr 1.00e-03| best
| epoch   4 | time 24.35s | loss 1.0774 | train_acc 62.21 | val_acc 61.04 | lr 1.00e-03| best
| epoch   5 | time 24.38s | loss 1.0097 | train_acc 64.87 | val_acc 65.32 | lr 1.00e-03| best
| epoch   6 | time 24.34s | loss 0.9521 | train_acc 67.05 | val_acc 65.17 | lr 1.00e-03|
| epoch   7 | time 24.36s | loss 0.9051 | train_acc 68.78 | val_acc 65.54 | lr 9.99e-04| best
| epoch   8 | time 24.37s | loss 0.8609 | train_acc 70.49 | val_acc 70.25 | lr 9.99e-04| best
| epoch   9 | time 24.39s | loss 0.8234 | train_acc 72.04 | val_acc 71.54 | lr 9.99e-04| best
| epoch  10 | time 24.35s | loss 0.7971 | train_acc 72.76 | val_acc 72.77 | lr 9.99e-04| best
| epoch  11 | time 24.37s | loss 0.7705 | train_acc 73.66 | val_acc 74.11 | lr 9.98e-04| best
| epoch  12 | time 24.38s | loss 0.7511 | train_acc 74.54 | val_acc 74.19 | lr 9.98e-04| best
| epoch  13 | time 24.40s | loss 0.7341 | train_acc 75.09 | val_acc 74.02 | lr 9.98e-04|
| epoch  14 | time 24.35s | loss 0.7210 | train_acc 75.50 | val_acc 74.06 | lr 9.97e-04|
| epoch  15 | time 24.34s | loss 0.7097 | train_acc 75.89 | val_acc 76.10 | lr 9.97e-04| best
| epoch  16 | time 24.39s | loss 0.6994 | train_acc 76.18 | val_acc 73.41 | lr 9.97e-04|
| epoch  17 | time 24.35s | loss 0.6878 | train_acc 76.57 | val_acc 75.64 | lr 9.96e-04|
| epoch  18 | time 24.37s | loss 0.6819 | train_acc 76.79 | val_acc 75.24 | lr 9.96e-04|
| epoch  19 | time 24.39s | loss 0.6723 | train_acc 77.06 | val_acc 75.42 | lr 9.95e-04|
| epoch  20 | time 24.43s | loss 0.6627 | train_acc 77.42 | val_acc 76.34 | lr 9.94e-04| best
| epoch  21 | time 24.35s | loss 0.6541 | train_acc 77.74 | val_acc 76.02 | lr 9.94e-04|
| epoch  22 | time 24.38s | loss 0.6454 | train_acc 78.03 | val_acc 74.93 | lr 9.93e-04|
| epoch  23 | time 24.35s | loss 0.6431 | train_acc 78.20 | val_acc 76.84 | lr 9.93e-04| best
| epoch  24 | time 24.38s | loss 0.6388 | train_acc 78.14 | val_acc 77.73 | lr 9.92e-04| best
| epoch  25 | time 24.34s | loss 0.6319 | train_acc 78.55 | val_acc 76.69 | lr 9.91e-04|
| epoch  26 | time 24.38s | loss 0.6288 | train_acc 78.68 | val_acc 78.21 | lr 9.90e-04| best
| epoch  27 | time 24.36s | loss 0.6270 | train_acc 78.46 | val_acc 77.60 | lr 9.90e-04|
| epoch  28 | time 24.36s | loss 0.6259 | train_acc 78.64 | val_acc 76.88 | lr 9.89e-04|
| epoch  29 | time 24.37s | loss 0.6164 | train_acc 78.97 | val_acc 76.20 | lr 9.88e-04|
| epoch  30 | time 24.37s | loss 0.6122 | train_acc 79.25 | val_acc 75.56 | lr 9.87e-04|
| epoch  31 | time 24.37s | loss 0.6060 | train_acc 79.31 | val_acc 75.06 | lr 9.86e-04|
| epoch  32 | time 24.37s | loss 0.6071 | train_acc 79.18 | val_acc 76.94 | lr 9.85e-04|
| epoch  33 | time 24.36s | loss 0.6021 | train_acc 79.55 | val_acc 78.66 | lr 9.84e-04| best
| epoch  34 | time 24.37s | loss 0.5989 | train_acc 79.66 | val_acc 76.96 | lr 9.83e-04|
| epoch  35 | time 24.34s | loss 0.5966 | train_acc 79.46 | val_acc 76.29 | lr 9.82e-04|
| epoch  36 | time 24.35s | loss 0.5938 | train_acc 79.87 | val_acc 78.22 | lr 9.81e-04|
| epoch  37 | time 24.38s | loss 0.5888 | train_acc 79.82 | val_acc 77.61 | lr 9.80e-04|
| epoch  38 | time 24.36s | loss 0.5862 | train_acc 79.86 | val_acc 79.22 | lr 9.79e-04| best
| epoch  39 | time 24.32s | loss 0.5858 | train_acc 80.11 | val_acc 76.81 | lr 9.78e-04|
| epoch  40 | time 24.39s | loss 0.5871 | train_acc 79.89 | val_acc 80.54 | lr 9.77e-04| best
| epoch  41 | time 24.36s | loss 0.5760 | train_acc 80.39 | val_acc 77.32 | lr 9.76e-04|
| epoch  42 | time 24.39s | loss 0.5788 | train_acc 80.35 | val_acc 77.90 | lr 9.74e-04|
| epoch  43 | time 24.37s | loss 0.5770 | train_acc 80.09 | val_acc 78.18 | lr 9.73e-04|
| epoch  44 | time 24.37s | loss 0.5729 | train_acc 80.34 | val_acc 79.65 | lr 9.72e-04|
| epoch  45 | time 24.36s | loss 0.5696 | train_acc 80.71 | val_acc 78.56 | lr 9.70e-04|
| epoch  46 | time 24.38s | loss 0.5685 | train_acc 80.60 | val_acc 79.57 | lr 9.69e-04|
| epoch  47 | time 24.37s | loss 0.5635 | train_acc 80.82 | val_acc 79.34 | lr 9.68e-04|
| epoch  48 | time 24.38s | loss 0.5613 | train_acc 80.96 | val_acc 78.99 | lr 9.66e-04|
| epoch  49 | time 24.38s | loss 0.5600 | train_acc 80.68 | val_acc 79.82 | lr 9.65e-04|
| epoch  50 | time 24.36s | loss 0.5561 | train_acc 81.02 | val_acc 80.61 | lr 9.63e-04| best
| epoch  51 | time 24.39s | loss 0.5519 | train_acc 80.98 | val_acc 78.44 | lr 9.62e-04|
| epoch  52 | time 24.37s | loss 0.5505 | train_acc 81.12 | val_acc 77.00 | lr 9.60e-04|
| epoch  53 | time 24.36s | loss 0.5490 | train_acc 81.45 | val_acc 79.91 | lr 9.59e-04|
| epoch  54 | time 24.36s | loss 0.5487 | train_acc 81.23 | val_acc 79.84 | lr 9.57e-04|
| epoch  55 | time 24.37s | loss 0.5486 | train_acc 81.11 | val_acc 78.56 | lr 9.56e-04|
| epoch  56 | time 24.34s | loss 0.5510 | train_acc 81.19 | val_acc 79.48 | lr 9.54e-04|
| epoch  57 | time 24.39s | loss 0.5424 | train_acc 81.48 | val_acc 79.58 | lr 9.52e-04|
| epoch  58 | time 24.40s | loss 0.5361 | train_acc 81.61 | val_acc 80.54 | lr 9.51e-04|
| epoch  59 | time 24.35s | loss 0.5334 | train_acc 81.76 | val_acc 79.94 | lr 9.49e-04|
| epoch  60 | time 24.38s | loss 0.5383 | train_acc 81.79 | val_acc 79.42 | lr 9.47e-04|
| epoch  61 | time 24.37s | loss 0.5362 | train_acc 81.55 | val_acc 81.20 | lr 9.46e-04| best
| epoch  62 | time 24.37s | loss 0.5336 | train_acc 81.65 | val_acc 80.60 | lr 9.44e-04|
| epoch  63 | time 24.34s | loss 0.5339 | train_acc 81.87 | val_acc 80.87 | lr 9.42e-04|
| epoch  64 | time 24.38s | loss 0.5320 | train_acc 82.02 | val_acc 80.32 | lr 9.40e-04|
| epoch  65 | time 24.37s | loss 0.5298 | train_acc 81.98 | val_acc 81.06 | lr 9.38e-04|
| epoch  66 | time 24.37s | loss 0.5295 | train_acc 81.76 | val_acc 80.87 | lr 9.36e-04|
| epoch  67 | time 24.38s | loss 0.5226 | train_acc 82.01 | val_acc 79.57 | lr 9.34e-04|
| epoch  68 | time 24.37s | loss 0.5227 | train_acc 82.15 | val_acc 81.00 | lr 9.32e-04|
| epoch  69 | time 24.37s | loss 0.5224 | train_acc 82.16 | val_acc 80.70 | lr 9.30e-04|
| epoch  70 | time 24.36s | loss 0.5153 | train_acc 82.33 | val_acc 80.99 | lr 9.28e-04|
| epoch  71 | time 24.36s | loss 0.5189 | train_acc 82.25 | val_acc 80.85 | lr 9.26e-04|
| epoch  72 | time 24.40s | loss 0.5221 | train_acc 82.16 | val_acc 80.38 | lr 9.24e-04|
| epoch  73 | time 24.37s | loss 0.5177 | train_acc 82.25 | val_acc 81.51 | lr 9.22e-04| best
| epoch  74 | time 24.34s | loss 0.5147 | train_acc 82.24 | val_acc 80.09 | lr 9.20e-04|
| epoch  75 | time 24.37s | loss 0.5098 | train_acc 82.61 | val_acc 79.72 | lr 9.18e-04|
| epoch  76 | time 24.35s | loss 0.5151 | train_acc 82.37 | val_acc 79.87 | lr 9.16e-04|
| epoch  77 | time 24.35s | loss 0.5069 | train_acc 82.78 | val_acc 82.05 | lr 9.14e-04| best
| epoch  78 | time 24.31s | loss 0.5074 | train_acc 82.62 | val_acc 81.31 | lr 9.11e-04|
| epoch  79 | time 24.39s | loss 0.5054 | train_acc 82.67 | val_acc 81.50 | lr 9.09e-04|
| epoch  80 | time 24.36s | loss 0.5043 | train_acc 82.80 | val_acc 81.23 | lr 9.07e-04|
| epoch  81 | time 24.32s | loss 0.5020 | train_acc 82.92 | val_acc 81.28 | lr 9.05e-04|
| epoch  82 | time 24.39s | loss 0.5029 | train_acc 82.87 | val_acc 81.75 | lr 9.02e-04|
| epoch  83 | time 24.40s | loss 0.5016 | train_acc 82.78 | val_acc 80.67 | lr 9.00e-04|
| epoch  84 | time 24.39s | loss 0.5015 | train_acc 82.90 | val_acc 81.03 | lr 8.97e-04|
| epoch  85 | time 24.40s | loss 0.4958 | train_acc 83.02 | val_acc 80.25 | lr 8.95e-04|
| epoch  86 | time 24.39s | loss 0.4951 | train_acc 83.20 | val_acc 80.72 | lr 8.93e-04|
| epoch  87 | time 24.37s | loss 0.4996 | train_acc 82.92 | val_acc 82.08 | lr 8.90e-04| best
| epoch  88 | time 24.36s | loss 0.4904 | train_acc 83.07 | val_acc 80.92 | lr 8.88e-04|
| epoch  89 | time 24.36s | loss 0.4921 | train_acc 83.00 | val_acc 82.64 | lr 8.85e-04| best
| epoch  90 | time 24.40s | loss 0.4962 | train_acc 82.96 | val_acc 80.37 | lr 8.83e-04|
| epoch  91 | time 24.40s | loss 0.4826 | train_acc 83.42 | val_acc 81.29 | lr 8.80e-04|
| epoch  92 | time 24.40s | loss 0.4864 | train_acc 83.43 | val_acc 79.91 | lr 8.78e-04|
| epoch  93 | time 24.36s | loss 0.4863 | train_acc 83.22 | val_acc 81.73 | lr 8.75e-04|
| epoch  94 | time 24.36s | loss 0.4843 | train_acc 83.50 | val_acc 82.00 | lr 8.72e-04|
| epoch  95 | time 24.36s | loss 0.4838 | train_acc 83.49 | val_acc 81.04 | lr 8.70e-04|
| epoch  96 | time 24.34s | loss 0.4783 | train_acc 83.58 | val_acc 81.83 | lr 8.67e-04|
| epoch  97 | time 24.35s | loss 0.4823 | train_acc 83.50 | val_acc 78.63 | lr 8.64e-04|
| epoch  98 | time 24.39s | loss 0.4756 | train_acc 83.58 | val_acc 81.33 | lr 8.62e-04|
| epoch  99 | time 24.39s | loss 0.4813 | train_acc 83.65 | val_acc 82.34 | lr 8.59e-04|
| epoch 100 | time 24.37s | loss 0.4750 | train_acc 83.63 | val_acc 81.47 | lr 8.56e-04|
| epoch 101 | time 24.36s | loss 0.4765 | train_acc 83.78 | val_acc 81.25 | lr 8.54e-04|
| epoch 102 | time 24.35s | loss 0.4702 | train_acc 83.98 | val_acc 82.30 | lr 8.51e-04|
| epoch 103 | time 24.36s | loss 0.4710 | train_acc 83.96 | val_acc 82.79 | lr 8.48e-04| best
| epoch 104 | time 24.41s | loss 0.4680 | train_acc 83.91 | val_acc 80.97 | lr 8.45e-04|
| epoch 105 | time 24.36s | loss 0.4753 | train_acc 83.61 | val_acc 81.51 | lr 8.42e-04|
| epoch 106 | time 24.36s | loss 0.4642 | train_acc 84.01 | val_acc 82.02 | lr 8.39e-04|
| epoch 107 | time 24.38s | loss 0.4677 | train_acc 84.05 | val_acc 82.59 | lr 8.37e-04|
| epoch 108 | time 24.35s | loss 0.4682 | train_acc 83.82 | val_acc 83.10 | lr 8.34e-04| best
| epoch 109 | time 24.40s | loss 0.4648 | train_acc 84.03 | val_acc 81.28 | lr 8.31e-04|
| epoch 110 | time 24.35s | loss 0.4602 | train_acc 84.22 | val_acc 81.60 | lr 8.28e-04|
| epoch 111 | time 24.36s | loss 0.4686 | train_acc 84.00 | val_acc 82.31 | lr 8.25e-04|
| epoch 112 | time 24.35s | loss 0.4589 | train_acc 84.25 | val_acc 83.43 | lr 8.22e-04| best
| epoch 113 | time 24.37s | loss 0.4546 | train_acc 84.42 | val_acc 82.29 | lr 8.19e-04|
| epoch 114 | time 24.38s | loss 0.4607 | train_acc 84.34 | val_acc 82.47 | lr 8.16e-04|
| epoch 115 | time 24.35s | loss 0.4597 | train_acc 84.38 | val_acc 83.26 | lr 8.13e-04|
| epoch 116 | time 24.36s | loss 0.4581 | train_acc 84.31 | val_acc 81.41 | lr 8.10e-04|
| epoch 117 | time 24.35s | loss 0.4549 | train_acc 84.41 | val_acc 82.80 | lr 8.06e-04|
| epoch 118 | time 24.37s | loss 0.4496 | train_acc 84.53 | val_acc 81.96 | lr 8.03e-04|
| epoch 119 | time 24.34s | loss 0.4544 | train_acc 84.59 | val_acc 82.04 | lr 8.00e-04|
| epoch 120 | time 24.34s | loss 0.4534 | train_acc 84.42 | val_acc 82.21 | lr 7.97e-04|
| epoch 121 | time 24.37s | loss 0.4435 | train_acc 84.88 | val_acc 84.12 | lr 7.94e-04| best
| epoch 122 | time 24.37s | loss 0.4441 | train_acc 84.74 | val_acc 80.01 | lr 7.91e-04|
| epoch 123 | time 24.36s | loss 0.4424 | train_acc 84.75 | val_acc 83.27 | lr 7.88e-04|
| epoch 124 | time 24.35s | loss 0.4431 | train_acc 84.75 | val_acc 81.82 | lr 7.84e-04|
| epoch 125 | time 24.36s | loss 0.4412 | train_acc 84.85 | val_acc 80.56 | lr 7.81e-04|
| epoch 126 | time 24.34s | loss 0.4417 | train_acc 84.92 | val_acc 82.52 | lr 7.78e-04|
| epoch 127 | time 24.35s | loss 0.4387 | train_acc 84.83 | val_acc 80.82 | lr 7.75e-04|
| epoch 128 | time 24.34s | loss 0.4381 | train_acc 85.07 | val_acc 82.72 | lr 7.71e-04|
| epoch 129 | time 24.39s | loss 0.4411 | train_acc 84.80 | val_acc 83.27 | lr 7.68e-04|
| epoch 130 | time 24.33s | loss 0.4335 | train_acc 85.19 | val_acc 81.25 | lr 7.65e-04|
| epoch 131 | time 24.36s | loss 0.4306 | train_acc 85.20 | val_acc 84.39 | lr 7.61e-04| best
| epoch 132 | time 24.38s | loss 0.4312 | train_acc 85.08 | val_acc 84.50 | lr 7.58e-04| best
| epoch 133 | time 24.33s | loss 0.4241 | train_acc 85.50 | val_acc 82.88 | lr 7.55e-04|
| epoch 134 | time 24.34s | loss 0.4298 | train_acc 85.18 | val_acc 83.48 | lr 7.51e-04|
| epoch 135 | time 24.36s | loss 0.4259 | train_acc 85.43 | val_acc 83.42 | lr 7.48e-04|
| epoch 136 | time 24.36s | loss 0.4254 | train_acc 85.38 | val_acc 83.46 | lr 7.44e-04|
| epoch 137 | time 24.37s | loss 0.4258 | train_acc 85.38 | val_acc 84.17 | lr 7.41e-04|
| epoch 138 | time 24.35s | loss 0.4237 | train_acc 85.58 | val_acc 83.61 | lr 7.37e-04|
| epoch 139 | time 24.38s | loss 0.4229 | train_acc 85.36 | val_acc 84.36 | lr 7.34e-04|
| epoch 140 | time 24.38s | loss 0.4230 | train_acc 85.45 | val_acc 84.12 | lr 7.30e-04|
| epoch 141 | time 24.36s | loss 0.4177 | train_acc 85.71 | val_acc 83.92 | lr 7.27e-04|
| epoch 142 | time 24.37s | loss 0.4121 | train_acc 85.89 | val_acc 83.72 | lr 7.23e-04|
| epoch 143 | time 24.38s | loss 0.4220 | train_acc 85.43 | val_acc 83.53 | lr 7.20e-04|
| epoch 144 | time 24.35s | loss 0.4151 | train_acc 85.92 | val_acc 84.08 | lr 7.16e-04|
| epoch 145 | time 24.36s | loss 0.4074 | train_acc 86.30 | val_acc 83.08 | lr 7.13e-04|
| epoch 146 | time 24.36s | loss 0.4131 | train_acc 85.77 | val_acc 84.46 | lr 7.09e-04|
| epoch 147 | time 24.37s | loss 0.4109 | train_acc 85.99 | val_acc 84.81 | lr 7.06e-04| best
| epoch 148 | time 24.36s | loss 0.4091 | train_acc 86.09 | val_acc 85.01 | lr 7.02e-04| best
| epoch 149 | time 24.36s | loss 0.4040 | train_acc 86.19 | val_acc 82.67 | lr 6.99e-04|
| epoch 150 | time 24.36s | loss 0.4093 | train_acc 86.01 | val_acc 82.94 | lr 6.95e-04|
| epoch 151 | time 24.36s | loss 0.4072 | train_acc 85.98 | val_acc 84.05 | lr 6.91e-04|
| epoch 152 | time 24.40s | loss 0.4000 | train_acc 86.35 | val_acc 82.69 | lr 6.88e-04|
| epoch 153 | time 24.36s | loss 0.3972 | train_acc 86.28 | val_acc 85.27 | lr 6.84e-04| best
| epoch 154 | time 24.36s | loss 0.3977 | train_acc 86.49 | val_acc 84.33 | lr 6.80e-04|
| epoch 155 | time 24.39s | loss 0.4001 | train_acc 86.28 | val_acc 84.56 | lr 6.77e-04|
| epoch 156 | time 24.35s | loss 0.3933 | train_acc 86.72 | val_acc 85.02 | lr 6.73e-04|
| epoch 157 | time 24.36s | loss 0.3924 | train_acc 86.56 | val_acc 84.87 | lr 6.69e-04|
| epoch 158 | time 24.35s | loss 0.3923 | train_acc 86.40 | val_acc 84.57 | lr 6.66e-04|
| epoch 159 | time 24.39s | loss 0.3979 | train_acc 86.41 | val_acc 85.56 | lr 6.62e-04| best
| epoch 160 | time 24.35s | loss 0.3872 | train_acc 86.63 | val_acc 83.56 | lr 6.58e-04|
| epoch 161 | time 24.36s | loss 0.3887 | train_acc 86.64 | val_acc 84.18 | lr 6.55e-04|
| epoch 162 | time 24.35s | loss 0.3929 | train_acc 86.56 | val_acc 84.22 | lr 6.51e-04|
| epoch 163 | time 24.36s | loss 0.3843 | train_acc 86.93 | val_acc 84.72 | lr 6.47e-04|
| epoch 164 | time 24.38s | loss 0.3804 | train_acc 86.99 | val_acc 84.78 | lr 6.43e-04|
| epoch 165 | time 24.34s | loss 0.3790 | train_acc 87.05 | val_acc 84.20 | lr 6.39e-04|
| epoch 166 | time 24.31s | loss 0.3838 | train_acc 86.80 | val_acc 84.09 | lr 6.36e-04|
| epoch 167 | time 24.33s | loss 0.3851 | train_acc 86.78 | val_acc 84.11 | lr 6.32e-04|
| epoch 168 | time 24.39s | loss 0.3803 | train_acc 86.92 | val_acc 85.81 | lr 6.28e-04| best
| epoch 169 | time 24.38s | loss 0.3770 | train_acc 87.13 | val_acc 83.45 | lr 6.24e-04|
| epoch 170 | time 24.37s | loss 0.3712 | train_acc 87.32 | val_acc 85.87 | lr 6.21e-04| best
| epoch 171 | time 24.36s | loss 0.3677 | train_acc 87.34 | val_acc 84.51 | lr 6.17e-04|
| epoch 172 | time 24.35s | loss 0.3700 | train_acc 87.16 | val_acc 85.13 | lr 6.13e-04|
| epoch 173 | time 24.36s | loss 0.3601 | train_acc 87.53 | val_acc 85.95 | lr 6.09e-04| best
| epoch 174 | time 24.37s | loss 0.3659 | train_acc 87.41 | val_acc 85.40 | lr 6.05e-04|
| epoch 175 | time 24.34s | loss 0.3660 | train_acc 87.47 | val_acc 86.14 | lr 6.01e-04| best
| epoch 176 | time 24.34s | loss 0.3652 | train_acc 87.45 | val_acc 84.16 | lr 5.98e-04|
| epoch 177 | time 24.36s | loss 0.3592 | train_acc 87.69 | val_acc 85.00 | lr 5.94e-04|
| epoch 178 | time 24.38s | loss 0.3574 | train_acc 87.70 | val_acc 84.65 | lr 5.90e-04|
| epoch 179 | time 24.39s | loss 0.3584 | train_acc 87.72 | val_acc 84.16 | lr 5.86e-04|
| epoch 180 | time 24.35s | loss 0.3618 | train_acc 87.63 | val_acc 85.25 | lr 5.82e-04|
| epoch 181 | time 24.39s | loss 0.3537 | train_acc 88.08 | val_acc 85.15 | lr 5.78e-04|
| epoch 182 | time 24.45s | loss 0.3591 | train_acc 87.65 | val_acc 86.16 | lr 5.74e-04| best
| epoch 183 | time 24.40s | loss 0.3547 | train_acc 87.69 | val_acc 86.24 | lr 5.70e-04| best
| epoch 184 | time 24.36s | loss 0.3487 | train_acc 88.09 | val_acc 85.10 | lr 5.67e-04|
| epoch 185 | time 24.37s | loss 0.3462 | train_acc 88.16 | val_acc 85.76 | lr 5.63e-04|
| epoch 186 | time 24.37s | loss 0.3394 | train_acc 88.35 | val_acc 85.91 | lr 5.59e-04|
| epoch 187 | time 24.36s | loss 0.3494 | train_acc 87.97 | val_acc 86.81 | lr 5.55e-04| best
| epoch 188 | time 24.35s | loss 0.3409 | train_acc 88.38 | val_acc 84.81 | lr 5.51e-04|
| epoch 189 | time 24.34s | loss 0.3423 | train_acc 88.22 | val_acc 85.77 | lr 5.47e-04|
| epoch 190 | time 24.37s | loss 0.3398 | train_acc 88.28 | val_acc 85.22 | lr 5.43e-04|
| epoch 191 | time 24.39s | loss 0.3354 | train_acc 88.49 | val_acc 86.37 | lr 5.39e-04|
| epoch 192 | time 24.35s | loss 0.3394 | train_acc 88.29 | val_acc 86.15 | lr 5.35e-04|
| epoch 193 | time 24.37s | loss 0.3331 | train_acc 88.62 | val_acc 85.15 | lr 5.31e-04|
| epoch 194 | time 24.33s | loss 0.3328 | train_acc 88.58 | val_acc 84.95 | lr 5.27e-04|
| epoch 195 | time 24.37s | loss 0.3353 | train_acc 88.42 | val_acc 85.97 | lr 5.24e-04|
| epoch 196 | time 24.33s | loss 0.3285 | train_acc 88.77 | val_acc 86.35 | lr 5.20e-04|
| epoch 197 | time 24.36s | loss 0.3316 | train_acc 88.72 | val_acc 85.75 | lr 5.16e-04|
| epoch 198 | time 24.33s | loss 0.3280 | train_acc 88.70 | val_acc 87.17 | lr 5.12e-04| best
| epoch 199 | time 24.37s | loss 0.3243 | train_acc 88.72 | val_acc 86.00 | lr 5.08e-04|
| epoch 200 | time 24.34s | loss 0.3235 | train_acc 88.80 | val_acc 86.04 | lr 5.04e-04|
| epoch 201 | time 24.36s | loss 0.3155 | train_acc 89.28 | val_acc 86.47 | lr 5.00e-04|
| epoch 202 | time 24.36s | loss 0.3215 | train_acc 89.16 | val_acc 85.61 | lr 4.96e-04|
| epoch 203 | time 24.35s | loss 0.3139 | train_acc 89.32 | val_acc 86.56 | lr 4.92e-04|
| epoch 204 | time 24.36s | loss 0.3129 | train_acc 89.30 | val_acc 86.35 | lr 4.88e-04|
| epoch 205 | time 24.36s | loss 0.3105 | train_acc 89.37 | val_acc 86.47 | lr 4.84e-04|
| epoch 206 | time 24.36s | loss 0.3119 | train_acc 89.27 | val_acc 87.35 | lr 4.80e-04| best
| epoch 207 | time 24.35s | loss 0.3076 | train_acc 89.46 | val_acc 87.10 | lr 4.76e-04|
| epoch 208 | time 24.38s | loss 0.3072 | train_acc 89.43 | val_acc 86.78 | lr 4.73e-04|
| epoch 209 | time 24.36s | loss 0.2982 | train_acc 89.79 | val_acc 87.27 | lr 4.69e-04|
| epoch 210 | time 24.37s | loss 0.3011 | train_acc 89.79 | val_acc 85.61 | lr 4.65e-04|
| epoch 211 | time 24.35s | loss 0.2992 | train_acc 89.80 | val_acc 85.99 | lr 4.61e-04|
| epoch 212 | time 24.39s | loss 0.2976 | train_acc 89.87 | val_acc 86.39 | lr 4.57e-04|
| epoch 213 | time 24.33s | loss 0.3017 | train_acc 89.55 | val_acc 86.92 | lr 4.53e-04|
| epoch 214 | time 24.33s | loss 0.2962 | train_acc 89.80 | val_acc 87.01 | lr 4.49e-04|
| epoch 215 | time 24.33s | loss 0.2931 | train_acc 89.94 | val_acc 87.23 | lr 4.45e-04|
| epoch 216 | time 24.36s | loss 0.2929 | train_acc 90.08 | val_acc 87.37 | lr 4.41e-04| best
| epoch 217 | time 24.32s | loss 0.2929 | train_acc 89.92 | val_acc 87.39 | lr 4.37e-04| best
| epoch 218 | time 24.34s | loss 0.2866 | train_acc 90.11 | val_acc 87.11 | lr 4.33e-04|
| epoch 219 | time 24.35s | loss 0.2865 | train_acc 90.30 | val_acc 86.22 | lr 4.30e-04|
| epoch 220 | time 24.32s | loss 0.2833 | train_acc 90.38 | val_acc 87.95 | lr 4.26e-04| best
| epoch 221 | time 24.37s | loss 0.2847 | train_acc 90.23 | val_acc 86.98 | lr 4.22e-04|
| epoch 222 | time 24.33s | loss 0.2816 | train_acc 90.29 | val_acc 87.96 | lr 4.18e-04| best
| epoch 223 | time 24.33s | loss 0.2732 | train_acc 90.78 | val_acc 87.08 | lr 4.14e-04|
| epoch 224 | time 24.36s | loss 0.2776 | train_acc 90.48 | val_acc 86.67 | lr 4.10e-04|
| epoch 225 | time 24.36s | loss 0.2779 | train_acc 90.51 | val_acc 87.05 | lr 4.06e-04|
| epoch 226 | time 24.35s | loss 0.2703 | train_acc 90.75 | val_acc 87.22 | lr 4.02e-04|
| epoch 227 | time 24.35s | loss 0.2735 | train_acc 90.75 | val_acc 88.25 | lr 3.99e-04| best
| epoch 228 | time 24.36s | loss 0.2663 | train_acc 90.83 | val_acc 88.05 | lr 3.95e-04|
| epoch 229 | time 24.36s | loss 0.2654 | train_acc 90.96 | val_acc 87.67 | lr 3.91e-04|
| epoch 230 | time 24.36s | loss 0.2635 | train_acc 90.97 | val_acc 88.01 | lr 3.87e-04|
| epoch 231 | time 24.38s | loss 0.2627 | train_acc 91.04 | val_acc 87.67 | lr 3.83e-04|
| epoch 232 | time 24.38s | loss 0.2605 | train_acc 91.23 | val_acc 87.52 | lr 3.79e-04|
| epoch 233 | time 24.36s | loss 0.2601 | train_acc 91.11 | val_acc 87.80 | lr 3.76e-04|
| epoch 234 | time 24.38s | loss 0.2572 | train_acc 91.28 | val_acc 87.95 | lr 3.72e-04|
| epoch 235 | time 24.35s | loss 0.2558 | train_acc 91.20 | val_acc 86.73 | lr 3.68e-04|
| epoch 236 | time 24.38s | loss 0.2507 | train_acc 91.65 | val_acc 87.58 | lr 3.64e-04|
| epoch 237 | time 24.38s | loss 0.2503 | train_acc 91.44 | val_acc 88.02 | lr 3.61e-04|
| epoch 238 | time 24.39s | loss 0.2490 | train_acc 91.53 | val_acc 87.50 | lr 3.57e-04|
| epoch 239 | time 24.38s | loss 0.2513 | train_acc 91.42 | val_acc 87.47 | lr 3.53e-04|
| epoch 240 | time 24.39s | loss 0.2425 | train_acc 91.89 | val_acc 87.54 | lr 3.49e-04|
| epoch 241 | time 24.37s | loss 0.2431 | train_acc 91.63 | val_acc 88.62 | lr 3.45e-04| best
| epoch 242 | time 24.39s | loss 0.2408 | train_acc 91.88 | val_acc 87.88 | lr 3.42e-04|
| epoch 243 | time 24.36s | loss 0.2389 | train_acc 92.00 | val_acc 87.84 | lr 3.38e-04|
| epoch 244 | time 24.36s | loss 0.2371 | train_acc 91.98 | val_acc 88.30 | lr 3.34e-04|
| epoch 245 | time 24.35s | loss 0.2344 | train_acc 91.95 | val_acc 88.60 | lr 3.31e-04|
| epoch 246 | time 24.35s | loss 0.2287 | train_acc 92.29 | val_acc 88.35 | lr 3.27e-04|
| epoch 247 | time 24.38s | loss 0.2296 | train_acc 92.18 | val_acc 88.70 | lr 3.23e-04| best
| epoch 248 | time 24.41s | loss 0.2283 | train_acc 92.23 | val_acc 88.15 | lr 3.20e-04|
| epoch 249 | time 24.38s | loss 0.2272 | train_acc 92.35 | val_acc 88.53 | lr 3.16e-04|
| epoch 250 | time 24.41s | loss 0.2226 | train_acc 92.38 | val_acc 88.36 | lr 3.12e-04|
| epoch 251 | time 24.39s | loss 0.2234 | train_acc 92.38 | val_acc 87.64 | lr 3.09e-04|
| epoch 252 | time 24.38s | loss 0.2187 | train_acc 92.57 | val_acc 88.69 | lr 3.05e-04|
| epoch 253 | time 24.46s | loss 0.2193 | train_acc 92.58 | val_acc 88.37 | lr 3.01e-04|
| epoch 254 | time 24.40s | loss 0.2131 | train_acc 92.77 | val_acc 88.52 | lr 2.98e-04|
| epoch 255 | time 24.36s | loss 0.2171 | train_acc 92.62 | val_acc 87.87 | lr 2.94e-04|
| epoch 256 | time 24.38s | loss 0.2122 | train_acc 92.83 | val_acc 88.32 | lr 2.91e-04|
| epoch 257 | time 24.40s | loss 0.2094 | train_acc 92.88 | val_acc 88.32 | lr 2.87e-04|
| epoch 258 | time 24.39s | loss 0.2037 | train_acc 93.18 | val_acc 88.91 | lr 2.84e-04| best
| epoch 259 | time 24.43s | loss 0.1997 | train_acc 93.27 | val_acc 88.60 | lr 2.80e-04|
| epoch 260 | time 24.43s | loss 0.1977 | train_acc 93.36 | val_acc 87.85 | lr 2.77e-04|
| epoch 261 | time 24.46s | loss 0.1998 | train_acc 93.28 | val_acc 88.21 | lr 2.73e-04|
| epoch 262 | time 24.41s | loss 0.1978 | train_acc 93.39 | val_acc 89.14 | lr 2.70e-04| best
| epoch 263 | time 24.43s | loss 0.1970 | train_acc 93.39 | val_acc 88.88 | lr 2.66e-04|
| epoch 264 | time 24.43s | loss 0.1979 | train_acc 93.26 | val_acc 88.75 | lr 2.63e-04|
| epoch 265 | time 24.43s | loss 0.1911 | train_acc 93.68 | val_acc 88.94 | lr 2.59e-04|
| epoch 266 | time 24.47s | loss 0.1899 | train_acc 93.70 | val_acc 89.16 | lr 2.56e-04| best
| epoch 267 | time 24.46s | loss 0.1870 | train_acc 93.78 | val_acc 89.51 | lr 2.52e-04| best
| epoch 268 | time 24.46s | loss 0.1838 | train_acc 93.82 | val_acc 89.30 | lr 2.49e-04|
| epoch 269 | time 24.42s | loss 0.1817 | train_acc 94.05 | val_acc 89.19 | lr 2.45e-04|
| epoch 270 | time 24.45s | loss 0.1792 | train_acc 93.96 | val_acc 89.24 | lr 2.42e-04|
| epoch 271 | time 24.48s | loss 0.1810 | train_acc 93.95 | val_acc 89.07 | lr 2.39e-04|
| epoch 272 | time 24.44s | loss 0.1743 | train_acc 94.16 | val_acc 89.00 | lr 2.35e-04|
| epoch 273 | time 24.48s | loss 0.1727 | train_acc 94.28 | val_acc 89.29 | lr 2.32e-04|
| epoch 274 | time 24.45s | loss 0.1702 | train_acc 94.44 | val_acc 89.19 | lr 2.29e-04|
| epoch 275 | time 24.42s | loss 0.1688 | train_acc 94.50 | val_acc 89.69 | lr 2.25e-04| best
| epoch 276 | time 24.43s | loss 0.1660 | train_acc 94.53 | val_acc 89.60 | lr 2.22e-04|
| epoch 277 | time 24.44s | loss 0.1637 | train_acc 94.58 | val_acc 89.45 | lr 2.19e-04|
| epoch 278 | time 24.46s | loss 0.1639 | train_acc 94.55 | val_acc 89.37 | lr 2.16e-04|
| epoch 279 | time 24.44s | loss 0.1635 | train_acc 94.60 | val_acc 89.53 | lr 2.12e-04|
| epoch 280 | time 24.47s | loss 0.1595 | train_acc 94.80 | val_acc 89.49 | lr 2.09e-04|
| epoch 281 | time 24.47s | loss 0.1578 | train_acc 94.78 | val_acc 89.32 | lr 2.06e-04|
| epoch 282 | time 24.46s | loss 0.1535 | train_acc 95.03 | val_acc 89.35 | lr 2.03e-04|
| epoch 283 | time 24.43s | loss 0.1556 | train_acc 94.95 | val_acc 89.33 | lr 2.00e-04|
| epoch 284 | time 24.46s | loss 0.1520 | train_acc 95.03 | val_acc 89.88 | lr 1.97e-04| best
| epoch 285 | time 24.46s | loss 0.1521 | train_acc 94.99 | val_acc 89.12 | lr 1.94e-04|
| epoch 286 | time 24.42s | loss 0.1454 | train_acc 95.34 | val_acc 89.48 | lr 1.90e-04|
| epoch 287 | time 24.45s | loss 0.1437 | train_acc 95.31 | val_acc 89.72 | lr 1.87e-04|
| epoch 288 | time 24.44s | loss 0.1405 | train_acc 95.46 | val_acc 89.38 | lr 1.84e-04|
| epoch 289 | time 24.46s | loss 0.1383 | train_acc 95.60 | val_acc 89.43 | lr 1.81e-04|
| epoch 290 | time 24.43s | loss 0.1360 | train_acc 95.66 | val_acc 89.59 | lr 1.78e-04|
| epoch 291 | time 24.47s | loss 0.1338 | train_acc 95.73 | val_acc 89.59 | lr 1.75e-04|
| epoch 292 | time 24.44s | loss 0.1316 | train_acc 95.85 | val_acc 89.54 | lr 1.72e-04|
| epoch 293 | time 24.46s | loss 0.1319 | train_acc 95.74 | val_acc 90.24 | lr 1.69e-04| best
| epoch 294 | time 24.46s | loss 0.1280 | train_acc 95.92 | val_acc 89.56 | lr 1.66e-04|
| epoch 295 | time 24.43s | loss 0.1280 | train_acc 95.92 | val_acc 89.91 | lr 1.63e-04|
| epoch 296 | time 24.44s | loss 0.1247 | train_acc 96.16 | val_acc 89.57 | lr 1.61e-04|
| epoch 297 | time 24.43s | loss 0.1181 | train_acc 96.33 | val_acc 90.24 | lr 1.58e-04|
| epoch 298 | time 24.49s | loss 0.1198 | train_acc 96.30 | val_acc 89.70 | lr 1.55e-04|
| epoch 299 | time 24.46s | loss 0.1184 | train_acc 96.34 | val_acc 89.93 | lr 1.52e-04|
| epoch 300 | time 24.47s | loss 0.1161 | train_acc 96.44 | val_acc 90.00 | lr 1.49e-04|
| epoch 301 | time 24.43s | loss 0.1138 | train_acc 96.53 | val_acc 89.35 | lr 1.46e-04|
| epoch 302 | time 24.47s | loss 0.1117 | train_acc 96.60 | val_acc 90.45 | lr 1.44e-04| best
| epoch 303 | time 24.47s | loss 0.1082 | train_acc 96.74 | val_acc 90.22 | lr 1.41e-04|
| epoch 304 | time 24.45s | loss 0.1056 | train_acc 96.88 | val_acc 90.11 | lr 1.38e-04|
| epoch 305 | time 24.45s | loss 0.1081 | train_acc 96.73 | val_acc 89.83 | lr 1.36e-04|
| epoch 306 | time 24.44s | loss 0.1054 | train_acc 96.73 | val_acc 90.08 | lr 1.33e-04|
| epoch 307 | time 24.49s | loss 0.1025 | train_acc 97.03 | val_acc 90.24 | lr 1.30e-04|
| epoch 308 | time 24.43s | loss 0.1008 | train_acc 97.09 | val_acc 90.01 | lr 1.28e-04|
| epoch 309 | time 24.45s | loss 0.0982 | train_acc 97.23 | val_acc 90.13 | lr 1.25e-04|
| epoch 310 | time 24.47s | loss 0.0984 | train_acc 97.08 | val_acc 90.27 | lr 1.22e-04|
| epoch 311 | time 24.46s | loss 0.0949 | train_acc 97.22 | val_acc 90.26 | lr 1.20e-04|
| epoch 312 | time 24.45s | loss 0.0943 | train_acc 97.20 | val_acc 89.95 | lr 1.17e-04|
| epoch 313 | time 24.44s | loss 0.0921 | train_acc 97.37 | val_acc 90.48 | lr 1.15e-04| best
| epoch 314 | time 24.43s | loss 0.0900 | train_acc 97.42 | val_acc 90.56 | lr 1.12e-04| best
| epoch 315 | time 24.45s | loss 0.0894 | train_acc 97.50 | val_acc 90.34 | lr 1.10e-04|
| epoch 316 | time 24.43s | loss 0.0872 | train_acc 97.60 | val_acc 90.44 | lr 1.07e-04|
| epoch 317 | time 24.47s | loss 0.0859 | train_acc 97.63 | val_acc 90.67 | lr 1.05e-04| best
| epoch 318 | time 24.42s | loss 0.0830 | train_acc 97.73 | val_acc 90.22 | lr 1.03e-04|
| epoch 319 | time 24.48s | loss 0.0830 | train_acc 97.78 | val_acc 90.40 | lr 1.00e-04|
| epoch 320 | time 24.46s | loss 0.0802 | train_acc 97.83 | val_acc 90.29 | lr 9.78e-05|
| epoch 321 | time 24.40s | loss 0.0787 | train_acc 97.90 | val_acc 90.33 | lr 9.55e-05|
| epoch 322 | time 24.46s | loss 0.0782 | train_acc 97.93 | val_acc 90.50 | lr 9.32e-05|
| epoch 323 | time 24.49s | loss 0.0773 | train_acc 97.92 | val_acc 90.42 | lr 9.09e-05|
| epoch 324 | time 24.45s | loss 0.0767 | train_acc 97.97 | val_acc 90.51 | lr 8.87e-05|
| epoch 325 | time 24.44s | loss 0.0745 | train_acc 98.06 | val_acc 90.54 | lr 8.65e-05|
| epoch 326 | time 24.43s | loss 0.0732 | train_acc 98.16 | val_acc 90.47 | lr 8.43e-05|
| epoch 327 | time 24.44s | loss 0.0726 | train_acc 98.19 | val_acc 90.62 | lr 8.21e-05|
| epoch 328 | time 24.45s | loss 0.0709 | train_acc 98.17 | val_acc 90.65 | lr 8.00e-05|
| epoch 329 | time 24.42s | loss 0.0707 | train_acc 98.23 | val_acc 90.45 | lr 7.78e-05|
| epoch 330 | time 24.45s | loss 0.0682 | train_acc 98.34 | val_acc 90.69 | lr 7.57e-05| best
| epoch 331 | time 24.45s | loss 0.0661 | train_acc 98.39 | val_acc 90.69 | lr 7.37e-05|
| epoch 332 | time 24.43s | loss 0.0667 | train_acc 98.36 | val_acc 90.73 | lr 7.16e-05| best
| epoch 333 | time 24.46s | loss 0.0653 | train_acc 98.51 | val_acc 90.36 | lr 6.96e-05|
| epoch 334 | time 24.43s | loss 0.0628 | train_acc 98.58 | val_acc 90.60 | lr 6.76e-05|
| epoch 335 | time 24.45s | loss 0.0634 | train_acc 98.50 | val_acc 90.73 | lr 6.57e-05|
| epoch 336 | time 24.45s | loss 0.0629 | train_acc 98.46 | val_acc 90.91 | lr 6.38e-05| best
| epoch 337 | time 24.45s | loss 0.0602 | train_acc 98.61 | val_acc 90.73 | lr 6.18e-05|
| epoch 338 | time 24.43s | loss 0.0593 | train_acc 98.66 | val_acc 91.00 | lr 6.00e-05| best
| epoch 339 | time 24.45s | loss 0.0586 | train_acc 98.74 | val_acc 90.79 | lr 5.81e-05|
| epoch 340 | time 24.46s | loss 0.0599 | train_acc 98.67 | val_acc 90.97 | lr 5.63e-05|
| epoch 341 | time 24.46s | loss 0.0572 | train_acc 98.77 | val_acc 90.65 | lr 5.45e-05|
| epoch 342 | time 24.44s | loss 0.0566 | train_acc 98.75 | val_acc 90.77 | lr 5.27e-05|
| epoch 343 | time 24.42s | loss 0.0555 | train_acc 98.83 | val_acc 90.72 | lr 5.10e-05|
| epoch 344 | time 24.45s | loss 0.0551 | train_acc 98.82 | val_acc 90.73 | lr 4.93e-05|
| epoch 345 | time 24.44s | loss 0.0522 | train_acc 98.97 | val_acc 90.85 | lr 4.76e-05|
| epoch 346 | time 24.47s | loss 0.0540 | train_acc 98.90 | val_acc 91.02 | lr 4.59e-05| best
| epoch 347 | time 24.46s | loss 0.0528 | train_acc 98.94 | val_acc 90.74 | lr 4.43e-05|
| epoch 348 | time 24.46s | loss 0.0522 | train_acc 98.94 | val_acc 91.24 | lr 4.27e-05| best
| epoch 349 | time 24.44s | loss 0.0496 | train_acc 99.04 | val_acc 90.88 | lr 4.11e-05|
| epoch 350 | time 24.45s | loss 0.0498 | train_acc 99.04 | val_acc 90.96 | lr 3.96e-05|
| epoch 351 | time 24.47s | loss 0.0494 | train_acc 99.04 | val_acc 90.92 | lr 3.81e-05|
| epoch 352 | time 24.46s | loss 0.0489 | train_acc 99.09 | val_acc 90.88 | lr 3.66e-05|
| epoch 353 | time 24.45s | loss 0.0476 | train_acc 99.14 | val_acc 90.83 | lr 3.51e-05|
| epoch 354 | time 24.43s | loss 0.0484 | train_acc 99.10 | val_acc 90.74 | lr 3.37e-05|
| epoch 355 | time 24.44s | loss 0.0466 | train_acc 99.16 | val_acc 90.75 | lr 3.23e-05|
| epoch 356 | time 24.45s | loss 0.0467 | train_acc 99.19 | val_acc 90.86 | lr 3.09e-05|
| epoch 357 | time 24.49s | loss 0.0456 | train_acc 99.20 | val_acc 91.01 | lr 2.96e-05|
| epoch 358 | time 24.47s | loss 0.0470 | train_acc 99.12 | val_acc 90.92 | lr 2.82e-05|
| epoch 359 | time 24.44s | loss 0.0450 | train_acc 99.20 | val_acc 90.93 | lr 2.70e-05|
| epoch 360 | time 24.48s | loss 0.0433 | train_acc 99.29 | val_acc 90.98 | lr 2.57e-05|
| epoch 361 | time 24.46s | loss 0.0446 | train_acc 99.24 | val_acc 91.10 | lr 2.45e-05|
| epoch 362 | time 24.46s | loss 0.0438 | train_acc 99.27 | val_acc 90.94 | lr 2.33e-05|
| epoch 363 | time 24.43s | loss 0.0442 | train_acc 99.17 | val_acc 91.05 | lr 2.21e-05|
| epoch 364 | time 24.45s | loss 0.0428 | train_acc 99.31 | val_acc 91.04 | lr 2.10e-05|
| epoch 365 | time 24.45s | loss 0.0414 | train_acc 99.37 | val_acc 91.09 | lr 1.99e-05|
| epoch 366 | time 24.43s | loss 0.0420 | train_acc 99.39 | val_acc 90.99 | lr 1.88e-05|
| epoch 367 | time 24.46s | loss 0.0430 | train_acc 99.32 | val_acc 90.82 | lr 1.77e-05|
| epoch 368 | time 24.45s | loss 0.0402 | train_acc 99.43 | val_acc 90.97 | lr 1.67e-05|
| epoch 369 | time 24.46s | loss 0.0407 | train_acc 99.36 | val_acc 91.06 | lr 1.57e-05|
| epoch 370 | time 24.47s | loss 0.0400 | train_acc 99.38 | val_acc 91.11 | lr 1.47e-05|
| epoch 371 | time 24.44s | loss 0.0400 | train_acc 99.39 | val_acc 91.13 | lr 1.38e-05|
| epoch 372 | time 24.45s | loss 0.0405 | train_acc 99.37 | val_acc 91.11 | lr 1.29e-05|
| epoch 373 | time 24.47s | loss 0.0399 | train_acc 99.39 | val_acc 91.05 | lr 1.20e-05|
| epoch 374 | time 24.47s | loss 0.0409 | train_acc 99.35 | val_acc 91.17 | lr 1.12e-05|
| epoch 375 | time 24.44s | loss 0.0387 | train_acc 99.46 | val_acc 91.12 | lr 1.04e-05|
| epoch 376 | time 24.45s | loss 0.0392 | train_acc 99.43 | val_acc 91.09 | lr 9.61e-06|
| epoch 377 | time 24.43s | loss 0.0387 | train_acc 99.46 | val_acc 91.08 | lr 8.86e-06|
| epoch 378 | time 24.44s | loss 0.0391 | train_acc 99.44 | val_acc 91.10 | lr 8.14e-06|
| epoch 379 | time 24.44s | loss 0.0387 | train_acc 99.48 | val_acc 91.07 | lr 7.45e-06|
| epoch 380 | time 24.48s | loss 0.0385 | train_acc 99.46 | val_acc 91.10 | lr 6.79e-06|
| epoch 381 | time 24.44s | loss 0.0380 | train_acc 99.47 | val_acc 91.01 | lr 6.16e-06|
| epoch 382 | time 24.45s | loss 0.0382 | train_acc 99.47 | val_acc 91.17 | lr 5.56e-06|
| epoch 383 | time 24.45s | loss 0.0391 | train_acc 99.42 | val_acc 91.06 | lr 4.99e-06|
| epoch 384 | time 24.43s | loss 0.0377 | train_acc 99.45 | val_acc 91.06 | lr 4.45e-06|
| epoch 385 | time 24.45s | loss 0.0384 | train_acc 99.47 | val_acc 91.15 | lr 3.94e-06|
| epoch 386 | time 24.46s | loss 0.0379 | train_acc 99.51 | val_acc 91.11 | lr 3.47e-06|
| epoch 387 | time 24.45s | loss 0.0379 | train_acc 99.46 | val_acc 91.08 | lr 3.02e-06|
| epoch 388 | time 24.47s | loss 0.0385 | train_acc 99.47 | val_acc 91.14 | lr 2.60e-06|
| epoch 389 | time 24.45s | loss 0.0376 | train_acc 99.46 | val_acc 91.23 | lr 2.22e-06|
| epoch 390 | time 24.42s | loss 0.0379 | train_acc 99.44 | val_acc 91.16 | lr 1.86e-06|
| epoch 391 | time 24.43s | loss 0.0374 | train_acc 99.47 | val_acc 91.18 | lr 1.54e-06|
| epoch 392 | time 24.42s | loss 0.0373 | train_acc 99.51 | val_acc 91.23 | lr 1.25e-06|
| epoch 393 | time 24.45s | loss 0.0372 | train_acc 99.48 | val_acc 91.07 | lr 9.87e-07|
| epoch 394 | time 24.43s | loss 0.0375 | train_acc 99.49 | val_acc 91.27 | lr 7.55e-07| best
| epoch 395 | time 24.43s | loss 0.0380 | train_acc 99.48 | val_acc 91.16 | lr 5.55e-07|
| epoch 396 | time 24.45s | loss 0.0373 | train_acc 99.48 | val_acc 91.02 | lr 3.85e-07|
| epoch 397 | time 24.49s | loss 0.0384 | train_acc 99.45 | val_acc 91.11 | lr 2.47e-07|
| epoch 398 | time 24.48s | loss 0.0376 | train_acc 99.50 | val_acc 91.22 | lr 1.39e-07|
| epoch 399 | time 24.44s | loss 0.0377 | train_acc 99.49 | val_acc 91.09 | lr 6.17e-08|
| epoch 400 | time 24.45s | loss 0.0371 | train_acc 99.53 | val_acc 91.17 | lr 1.54e-08|
